<?xml version="1.0" encoding="UTF-8"?>
<robot generator="Robot 5.0 (Python 3.8.9 on darwin)" generated="20220610 16:26:30.786" rpa="false" schemaversion="3">
<suite id="s1" name="Counter App" source="/Users/piotrfleury/VsCodeProjects/flutter_tests/test/robot/counter_app.robot">
<test id="s1-t1" name="Counter app increment counter" line="9">
<kw name="Open The counter app" library="counter_app_keywords" type="SETUP">
<kw name="Open Application" library="AppiumLibrary">
<arg>http://localhost:4723/wd/hub</arg>
<arg>automationName=${ANDROID_AUTOMATION_NAME}</arg>
<arg>platformName=${ANDROID_PLATFORM_NAME}</arg>
<arg>app=/Users/piotrfleury/VsCodeProjects/flutter_tests/test/robot/../../build/app/outputs/flutter-apk/app-debug.apk</arg>
<doc>Opens a new application to given Appium server.
Capabilities of appium server, Android and iOS,
Please check https://github.com/appium/appium/blob/master/docs/en/writing-running-appium/server-args.md
| *Option*            | *Man.* | *Description*     |
| remote_url          | Yes    | Appium server url |
| alias               | no     | alias             |</doc>
<status status="PASS" starttime="20220610 16:26:30.980" endtime="20220610 16:26:36.768"/>
</kw>
<status status="PASS" starttime="20220610 16:26:30.980" endtime="20220610 16:26:36.768"/>
</kw>
<kw name="Given I have opened the counter app" library="counter_app_keywords">
<kw name="Find Text" library="counter_app_keywords">
<arg>You have pushed the button this many times:</arg>
<kw name="Get Screen Text Content" library="counter_app_keywords">
<kw name="Capture Page Screenshot" library="AppiumLibrary">
<var>${img_path}</var>
<arg>screenshots/screenshot.png</arg>
<doc>Takes a screenshot of the current page and embeds it into the log.</doc>
<msg timestamp="20220610 16:26:36.951" level="INFO" html="true">&lt;/td&gt;&lt;/tr&gt;&lt;tr&gt;&lt;td colspan="3"&gt;&lt;a href="screenshots/screenshot.png"&gt;&lt;img src="screenshots/screenshot.png" width="800px"&gt;&lt;/a&gt;</msg>
<msg timestamp="20220610 16:26:36.951" level="INFO">${img_path} = /Users/piotrfleury/VsCodeProjects/flutter_tests/test/robot/screenshots/screenshot.png</msg>
<status status="PASS" starttime="20220610 16:26:36.769" endtime="20220610 16:26:36.951"/>
</kw>
<kw name="Process Screen Image" library="counter_app_keywords">
<var>${img}</var>
<arg>${img_path}</arg>
<kw name="Capture Page Screenshot" library="AppiumLibrary">
<var>${img_path}</var>
<arg>screenshots/screenshot.png</arg>
<doc>Takes a screenshot of the current page and embeds it into the log.</doc>
<msg timestamp="20220610 16:26:37.101" level="INFO" html="true">&lt;/td&gt;&lt;/tr&gt;&lt;tr&gt;&lt;td colspan="3"&gt;&lt;a href="screenshots/screenshot.png"&gt;&lt;img src="screenshots/screenshot.png" width="800px"&gt;&lt;/a&gt;</msg>
<msg timestamp="20220610 16:26:37.101" level="INFO">${img_path} = /Users/piotrfleury/VsCodeProjects/flutter_tests/test/robot/screenshots/screenshot.png</msg>
<status status="PASS" starttime="20220610 16:26:36.951" endtime="20220610 16:26:37.101"/>
</kw>
<kw name="Read Image" library="OCRLibrary">
<var>${processed_img}</var>
<arg>${img_path}</arg>
<doc>Reads an image.</doc>
<msg timestamp="20220610 16:26:37.125" level="INFO">${processed_img} = [[[222 189 149]
  [222 189 149]
  [222 189 149]
  ...
  [222 189 149]
  [222 189 149]
  [222 189 149]]

 [[220 185 143]
  [220 185 143]
  [220 185 143]
  ...
  [220 185 143]
  [220 185 143]
  [220 185...</msg>
<status status="PASS" starttime="20220610 16:26:37.101" endtime="20220610 16:26:37.126"/>
</kw>
<kw name="Create List" library="BuiltIn">
<var>${kernel}</var>
<arg>1</arg>
<arg>5</arg>
<doc>Returns a list containing given items.</doc>
<msg timestamp="20220610 16:26:37.126" level="INFO">${kernel} = ['1', '5']</msg>
<status status="PASS" starttime="20220610 16:26:37.126" endtime="20220610 16:26:37.126"/>
</kw>
<kw name="Apply Gaussian Blur To Image" library="OCRLibrary">
<var>${img}</var>
<arg>${processed_img}</arg>
<arg>${kernel}</arg>
<doc>Applies the gaussian blur to the provided image. Kernel size must be a tuple/list of positive and odd ints.</doc>
<msg timestamp="20220610 16:26:37.128" level="INFO">${img} = [[[221 187 145]
  [221 187 145]
  [221 187 145]
  ...
  [221 187 145]
  [221 187 145]
  [221 187 145]]

 [[221 186 145]
  [221 186 145]
  [221 186 145]
  ...
  [221 186 145]
  [221 186 145]
  [221 186...</msg>
<status status="PASS" starttime="20220610 16:26:37.126" endtime="20220610 16:26:37.128"/>
</kw>
<kw name="Save Image" library="OCRLibrary">
<arg>${img}</arg>
<arg>screenshots/processed_image.png</arg>
<doc>Saves processed image to log directory. Add path with image name and file extension to save image elsewhere.
Returns True if successful, otherwise returns False.</doc>
<msg timestamp="20220610 16:26:37.128" level="INFO" html="true">&lt;a href="screenshots/processed_image.png""&gt;&lt;img src="screenshots/processed_image.png" width="800px"&gt;&lt;/a&gt;</msg>
<status status="PASS" starttime="20220610 16:26:37.128" endtime="20220610 16:26:37.140"/>
</kw>
<msg timestamp="20220610 16:26:37.141" level="INFO">${img} = [[[221 187 145]
  [221 187 145]
  [221 187 145]
  ...
  [221 187 145]
  [221 187 145]
  [221 187 145]]

 [[221 186 145]
  [221 186 145]
  [221 186 145]
  ...
  [221 186 145]
  [221 186 145]
  [221 186...</msg>
<status status="PASS" starttime="20220610 16:26:36.951" endtime="20220610 16:26:37.141"/>
</kw>
<kw name="Get Image Content" library="OCRLibrary">
<var>${content}</var>
<arg>${img}</arg>
<doc>Gets the text found within the provided processed image.</doc>
<msg timestamp="20220610 16:26:37.444" level="INFO">${content} = P: 0. “idx: 0.0 dy: 0.0 Xv: 0.0 Yv: 0.0 Prs: 0.0 Sizes
Ge
= __—‘ Flutter Demo Home Page
You have pushed the button this many times:
</msg>
<status status="PASS" starttime="20220610 16:26:37.141" endtime="20220610 16:26:37.444"/>
</kw>
<kw name="Log Variables" library="BuiltIn">
<doc>Logs all variables in the current scope with given log level.</doc>
<msg timestamp="20220610 16:26:37.445" level="INFO">${/} = /</msg>
<msg timestamp="20220610 16:26:37.445" level="INFO">${:} = :</msg>
<msg timestamp="20220610 16:26:37.445" level="INFO">${\n} = 
</msg>
<msg timestamp="20220610 16:26:37.445" level="INFO">${ANDROID_AUTOMATION_NAME} = UIAutomator2</msg>
<msg timestamp="20220610 16:26:37.445" level="INFO">${ANDROID_PLATFORM_NAME} = Android</msg>
<msg timestamp="20220610 16:26:37.445" level="INFO">${APP} = com.example.flutter_tests</msg>
<msg timestamp="20220610 16:26:37.445" level="INFO">${content} = P: 0. “idx: 0.0 dy: 0.0 Xv: 0.0 Yv: 0.0 Prs: 0.0 Sizes
Ge
= __—‘ Flutter Demo Home Page
You have pushed the button this many times:
</msg>
<msg timestamp="20220610 16:26:37.445" level="INFO">${DEBUG_FILE} = NONE</msg>
<msg timestamp="20220610 16:26:37.445" level="INFO">${EXECDIR} = /Users/piotrfleury/VsCodeProjects/flutter_tests/test/robot</msg>
<msg timestamp="20220610 16:26:37.445" level="INFO">${False} = False</msg>
<msg timestamp="20220610 16:26:37.445" level="INFO">${IMAGE_DIR} = /Users/piotrfleury/VsCodeProjects/flutter_tests/test/robot/images</msg>
<msg timestamp="20220610 16:26:37.520" level="INFO">@{img} = [ [[221 187 145]
 [221 187 145]
 [221 187 145]
 ...
 [221 187 145]
 [221 187 145]
 [221 187 145]] | [[221 186 145]
 [221 186 145]
 [221 186 145]
 ...
 [221 186 145]
 [221 186 145]
 [221 186 145]] | [[220 185 143]
 [220 185 143]
 [220 185 143]
 ...
 [220 185 143]
 [220 185 143]
 [220 185 143]] | [[220 185 143]
 [220 185 143]
 [220 185 143]
 ...
 [220 185 143]
 [220 185 143]
 [220 185 143]] | [[220 185 143]
 [220 185 143]
 [220 185 143]
 ...
 [220 185 143]
 [220 185 143]
 [220 185 143]] | [[220 185 143]
 [220 185 143]
 [220 185 143]
 ...
 [220 185 143]
 [220 185 143]
 [220 185 143]] | [[220 185 143]
 [220 185 143]
 [220 185 143]
 ...
 [220 185 143]
 [220 185 143]
 [220 185 143]] | [[220 185 143]
 [220 185 143]
 [220 185 143]
 ...
 [220 185 143]
 [220 185 143]
 [220 185 143]] | [[220 185 143]
 [220 185 143]
 [220 185 143]
 ...
 [220 185 143]
 [220 185 143]
 [220 185 143]] | [[220 185 143]
 [220 185 143]
 [220 185 143]
 ...
 [220 185 143]
 [220 185 143]
 [220 185 143]] | [[220 185 143]
 [220 185 143]
 [220 185 143]
 ...
 [220 185 143]
 [220 185 143]
 [220 185 143]] | [[220 185 143]
 [220 185 143]
 [220 185 143]
 ...
 [220 185 143]
 [220 185 143]
 [220 185 143]] | [[220 185 143]
 [220 185 143]
 [220 185 143]
 ...
 [220 185 143]
 [220 185 143]
 [220 185 143]] | [[220 185 143]
 [220 185 143]
 [220 185 143]
 ...
 [220 185 143]
 [220 185 143]
 [220 185 143]] | [[220 185 143]
 [220 185 143]
 [220 185 143]
 ...
 [220 185 143]
 [220 185 143]
 [220 185 143]] | [[220 185 143]
 [220 185 143]
 [220 185 143]
 ...
 [220 185 143]
 [220 185 143]
 [220 185 143]] | [[220 185 143]
 [220 185 143]
 [220 185 143]
 ...
 [220 185 143]
 [220 185 143]
 [220 185 143]] | [[220 185 143]
 [220 185 143]
 [220 185 143]
 ...
 [220 185 143]
 [220 185 143]
 [220 185 143]] | [[220 185 143]
 [220 185 143]
 [220 185 143]
 ...
 [220 185 143]
 [220 185 143]
 [220 185 143]] | [[220 185 143]
 [220 185 143]
 [220 185 143]
 ...
 [220 185 143]
 [220 185 143]
 [220 185 143]] | [[220 185 143]
 [220 185 143]
 [220 185 143]
 ...
 [220 185 143]
 [220 185 143]
 [220 185 143]] | [[220 185 143]
 [220 185 143]
 [220 185 143]
 ...
 [220 185 143]
 [220 185 143]
 [220 185 143]] | [[220 185 143]
 [220 185 143]
 [220 185 143]
 ...
 [220 185 143]
 [220 185 143]
 [220 185 143]] | [[220 185 143]
 [220 185 143]
 [220 185 143]
 ...
 [220 185 143]
 [220 185 143]
 [220 185 143]] | [[220 185 143]
 [220 185 143]
 [220 185 143]
 ...
 [220 185 143]
 [220 185 143]
 [220 185 143]] | [[220 185 143]
 [220 185 143]
 [220 185 143]
 ...
 [220 185 143]
 [220 185 143]
 [220 185 143]] | [[220 185 143]
 [220 185 143]
 [220 185 143]
 ...
 [220 185 143]
 [220 185 143]
 [220 185 143]] | [[220 185 143]
 [220 185 143]
 [220 185 143]
 ...
 [220 185 143]
 [220 185 143]
 [220 185 143]] | [[220 185 143]
 [220 185 143]
 [220 185 143]
 ...
 [220 185 143]
 [220 185 143]
 [220 185 143]] | [[220 185 143]
 [220 185 143]
 [220 185 143]
 ...
 [220 185 143]
 [220 185 143]
 [220 185 143]] | [[220 185 143]
 [220 185 143]
 [220 185 143]
 ...
 [220 185 143]
 [220 185 143]
 [220 185 143]] | [[220 185 143]
 [220 185 143]
 [220 185 143]
 ...
 [220 185 143]
 [220 185 143]
 [220 185 143]] | [[220 185 143]
 [220 185 143]
 [220 185 143]
 ...
 [220 185 143]
 [220 185 143]
 [220 185 143]] | [[218 181 136]
 [218 181 136]
 [218 181 136]
 ...
 [218 181 136]
 [218 181 136]
 [218 181 136]] | [[209 163 108]
 [209 163 108]
 [209 163 108]
 ...
 [209 163 108]
 [209 163 108]
 [209 163 108]] | [[195 137  65]
 [195 137  65]
 [195 137  65]
 ...
 [195 137  65]
 [195 137  65]
 [195 137  65]] | [[186 119  37]
 [186 119  37]
 [186 119  37]
 ...
 [186 119  37]
 [186 119  37]
 [186 119  37]] | [[184 115  30]
 [184 115  30]
 [184 115  30]
 ...
 [184 115  30]
 [184 115  30]
 [184 115  30]] | [[184 115  30]
 [184 115  30]
 [184 115  30]
 ...
 [184 115  30]
 [184 115  30]
 [184 115  30]] | [[184 115  30]
 [184 115  30]
 [184 115  30]
 ...
 [184 115  30]
 [184 115  30]
 [184 115  30]] | [[184 115  30]
 [184 115  30]
 [184 115  30]
 ...
 [184 115  30]
 [184 115  30]
 [184 115  30]] | [[184 115  30]
 [184 115  30]
 [184 115  30]
 ...
 [184 115  30]
 [184 115  30]
 [184 115  30]] | [[184 115  30]
 [184 115  30]
 [184 115  30]
 ...
 [184 115  30]
 [184 115  30]
 [184 115  30]] | [[184 115  30]
 [184 115  30]
 [184 115  30]
 ...
 [184 115  30]
 [184 115  30]
 [184 115  30]] | [[184 115  30]
 [184 115  30]
 [184 115  30]
 ...
 [184 115  30]
 [184 115  30]
 [184 115  30]] | [[184 115  30]
 [184 115  30]
 [184 115  30]
 ...
 [184 115  30]
 [184 115  30]
 [184 115  30]] | [[184 115  30]
 [184 115  30]
 [184 115  30]
 ...
 [184 115  30]
 [184 115  30]
 [184 115  30]] | [[184 115  30]
 [184 115  30]
 [184 115  30]
 ...
 [184 115  30]
 [184 115  30]
 [184 115  30]] | [[184 115  30]
 [184 115  30]
 [184 115  30]
 ...
 [184 115  30]
 [184 115  30]
 [184 115  30]] | [[184 115  30]
 [184 115  30]
 [184 115  30]
 ...
 [184 115  30]
 [184 115  30]
 [184 115  30]] | [[184 115  30]
 [184 115  30]
 [184 115  30]
 ...
 [184 115  30]
 [184 115  30]
 [184 115  30]] | [[184 115  30]
 [184 115  30]
 [184 115  30]
 ...
 [184 115  30]
 [184 115  30]
 [184 115  30]] | [[184 115  30]
 [184 115  30]
 [184 115  30]
 ...
 [184 115  30]
 [184 115  30]
 [184 115  30]] | [[184 115  30]
 [184 115  30]
 [184 115  30]
 ...
 [184 115  30]
 [184 115  30]
 [184 115  30]] | [[184 115  30]
 [184 115  30]
 [184 115  30]
 ...
 [184 115  30]
 [184 115  30]
 [184 115  30]] | [[184 115  30]
 [184 115  30]
 [184 115  30]
 ...
 [184 115  30]
 [184 115  30]
 [184 115  30]] | [[184 115  30]
 [184 115  30]
 [184 115  30]
 ...
 [184 115  30]
 [184 115  30]
 [184 115  30]] | [[184 115  30]
 [184 115  30]
 [184 115  30]
 ...
 [184 115  30]
 [184 115  30]
 [184 115  30]] | [[184 115  30]
 [184 115  30]
 [184 115  30]
 ...
 [184 115  30]
 [184 115  30]
 [184 115  30]] | [[184 115  30]
 [184 115  30]
 [184 115  30]
 ...
 [184 115  30]
 [184 115  30]
 [184 115  30]] | [[184 115  30]
 [184 115  30]
 [184 115  30]
 ...
 [184 115  30]
 [184 115  30]
 [184 115  30]] | [[184 115  30]
 [184 115  30]
 [184 115  30]
 ...
 [184 115  30]
 [184 115  30]
 [184 115  30]] | [[184 115  30]
 [184 115  30]
 [184 115  30]
 ...
 [184 115  30]
 [184 115  30]
 [184 115  30]] | [[184 115  30]
 [184 115  30]
 [184 115  30]
 ...
 [184 115  30]
 [184 115  30]
 [184 115  30]] | [[188 117  30]
 [188 117  30]
 [188 117  30]
 ...
 [188 117  30]
 [188 117  30]
 [188 117  30]] | [[202 127  32]
 [202 127  32]
 [202 127  32]
 ...
 [202 127  32]
 [202 127  32]
 [202 127  32]] | [[225 140  35]
 [225 140  35]
 [225 140  35]
 ...
 [225 140  35]
 [225 140  35]
 [225 140  35]] | [[239 150  37]
 [239 150  37]
 [239 150  37]
 ...
 [239 149  37]
 [239 150  37]
 [239 150  37]] | [[243 152  37]
 [243 152  37]
 [243 152  37]
 ...
 [242 151  37]
 [243 152  37]
 [243 152  37]] | [[243 152  37]
 [243 152  37]
 [243 152  37]
 ...
 [242 151  37]
 [242 151  37]
 [243 152  37]] | [[243 152  37]
 [243 152  37]
 [243 152  37]
 ...
 [242 151  37]
 [242 151  37]
 [242 151  37]] | [[243 152  37]
 [243 152  37]
 [243 152  37]
 ...
 [242 151  37]
 [242 151  37]
 [242 151  37]] | [[243 152  37]
 [243 152  37]
 [243 152  37]
 ...
 [241 151  37]
 [242 151  37]
 [242 151  37]] | [[243 152  37]
 [243 152  37]
 [243 152  37]
 ...
 [241 151  37]
 [241 151  37]
 [242 151  37]] | [[243 152  37]
 [243 152  37]
 [243 152  37]
 ...
 [241 151  37]
 [241 151  37]
 [241 151  37]] | [[243 152  37]
 [243 152  37]
 [243 152  37]
 ...
 [240 150  37]
 [241 151  37]
 [241 151  37]] | [[243 152  37]
 [243 152  37]
 [243 152  37]
 ...
 [240 150  37]
 [240 150  37]
 [241 151  37]] | [[243 152  37]
 [243 152  37]
 [243 152  37]
 ...
 [239 150  36]
 [240 150  37]
 [240 150  37]] | [[243 152  37]
 [243 152  37]
 [243 152  37]
 ...
 [239 149  36]
 [239 150  36]
 [240 150  37]] | [[243 152  37]
 [243 152  37]
 [243 152  37]
 ...
 [238 149  36]
 [239 149  36]
 [239 150  36]] | [[243 152  37]
 [243 152  37]
 [243 152  37]
 ...
 [237 149  36]
 [238 149  36]
 [239 149  36]] | [[243 152  37]
 [243 152  37]
 [243 152  37]
 ...
 [237 148  36]
 [237 149  36]
 [238 149  36]] | [[243 152  37]
 [243 152  37]
 [243 152  37]
 ...
 [236 148  36]
 [237 148  36]
 [237 149  36]] | [[243 152  37]
 [243 152  37]
 [243 152  37]
 ...
 [235 147  36]
 [236 148  36]
 [237 148  36]] | [[243 152  37]
 [243 152  37]
 [243 152  37]
 ...
 [234 146  36]
 [235 147  36]
 [236 148  36]] | [[243 152  37]
 [243 152  37]
 [243 152  37]
 ...
 [232 145  36]
 [234 146  36]
 [235 147  36]] | [[243 152  37]
 [243 152  37]
 [243 152  37]
 ...
 [231 145  35]
 [232 145  36]
 [234 146  36]] | [[243 152  37]
 [243 152  37]
 [243 152  37]
 ...
 [230 144  35]
 [231 145  35]
 [232 145  36]] | [[243 152  37]
 [243 152  37]
 [243 152  37]
 ...
 [229 143  35]
 [230 144  35]
 [231 145  35]] | [[243 152  37]
 [243 152  37]
 [243 152  37]
 ...
 [227 142  35]
 [229 143  35]
 [230 144  35]] | [[243 152  37]
 [243 152  37]
 [243 152  37]
 ...
 [226 141  35]
 [227 142  35]
 [229 143  35]] | [[243 152  37]
 [243 152  37]
 [243 152  37]
 ...
 [224 140  34]
 [226 141  35]
 [227 142  35]] | [[243 152  37]
 [243 152  37]
 [243 152  37]
 ...
 [222 138  34]
 [224 140  34]
 [226 141  35]] | [[243 152  37]
 [243 152  37]
 [243 152  37]
 ...
 [220 137  34]
 [222 138  34]
 [224 140  34]] | [[243 152  37]
 [243 152  37]
 [243 152  37]
 ...
 [217 136  33]
 [220 137  34]
 [222 138  34]] | [[243 152  37]
 [243 152  37]
 [243 152  37]
 ...
 [215 134  33]
 [217 136  33]
 [220 137  34]] | [[243 152  37]
 [243 152  37]
 [243 152  37]
 ...
 [213 133  33]
 [215 134  33]
 [217 136  33]] | [[243 152  37]
 [243 152  37]
 [243 152  37]
 ...
 [210 131  32]
 [213 133  33]
 [215 134  33]] | [[243 152  37]
 [243 152  37]
 [243 152  37]
 ...
 [207 129  32]
 [210 131  32]
 [213 133  33]] | [[243 152  37]
 [243 152  37]
 [243 152  37]
 ...
 [204 128  32]
 [207 129  32]
 [210 131  32]] | [[243 152  37]
 [243 152  37]
 [243 152  37]
 ...
 [201 127  31]
 [204 128  32]
 [207 129  32]] | [[243 152  37]
 [243 152  37]
 [243 152  37]
 ...
 [198 125  31]
 [201 127  31]
 [204 128  32]] | [[243 152  37]
 [243 152  37]
 [243 152  37]
 ...
 [195 123  31]
 [198 125  31]
 [201 127  31]] | [[243 152  37]
 [243 152  37]
 [243 152  37]
 ...
 [192 121  31]
 [195 123  31]
 [198 125  31]] | [[243 152  37]
 [243 152  37]
 [243 152  37]
 ...
 [186 117  34]
 [192 121  31]
 [195 123  31]] | [[243 152  37]
 [243 152  37]
 [243 152  37]
 ...
 [167 106  50]
 [186 117  34]
 [192 121  31]] | [[243 152  37]
 [243 152  37]
 [243 152  37]
 ...
 [134  88  81]
 [167 106  50]
 [186 117  34]] | [[243 152  37]
 [243 152  37]
 [243 152  37]
 ...
 [104  72 110]
 [134  88  81]
 [167 106  50]] | [[243 152  37]
 [243 152  37]
 [243 152  37]
 ...
 [ 89  64 124]
 [104  72 110]
 [134  88  81]] | [[243 152  37]
 [243 152  37]
 [243 152  37]
 ...
 [ 85  62 127]
 [ 89  64 124]
 [104  72 110]] | [[243 152  37]
 [243 152  37]
 [243 152  37]
 ...
 [ 84  61 127]
 [ 85  62 127]
 [ 89  64 124]] | [[243 152  37]
 [243 152  37]
 [243 152  37]
 ...
 [ 83  60 127]
 [ 84  61 127]
 [ 85  62 127]] | [[243 152  37]
 [243 152  37]
 [243 152  37]
 ...
 [ 82  60 126]
 [ 83  60 127]
 [ 84  61 127]] | [[243 152  37]
 [243 152  37]
 [243 152  37]
 ...
 [ 81  59 126]
 [ 82  60 126]
 [ 83  61 127]] | [[243 152  37]
 [243 152  37]
 [243 152  37]
 ...
 [ 80  59 126]
 [ 81  59 126]
 [ 82  60 126]] | [[243 152  37]
 [243 152  37]
 [243 152  37]
 ...
 [ 80  58 126]
 [ 80  59 126]
 [ 81  59 126]] | [[243 152  37]
 [243 152  37]
 [243 152  37]
 ...
 [ 79  57 126]
 [ 80  58 126]
 [ 80  59 126]] | [[243 152  37]
 [243 152  37]
 [243 152  37]
 ...
 [ 79  57 126]
 [ 79  57 126]
 [ 80  58 126]] | [[243 152  37]
 [243 152  37]
 [243 152  37]
 ...
 [ 78  57 125]
 [ 79  57 126]
 [ 80  57 126]] | [[243 152  37]
 [243 152  37]
 [243 152  37]
 ...
 [ 78  56 125]
 [ 78  57 125]
 [ 79  57 126]] | [[243 152  37]
 [243 152  37]
 [243 152  37]
 ...
 [ 77  56 125]
 [ 78  56 125]
 [ 78  57 125]] | [[243 152  37]
 [243 152  37]
 [243 152  37]
 ...
 [ 76  56 125]
 [ 77  56 125]
 [ 78  56 125]] | [[243 152  37]
 [243 152  37]
 [243 152  37]
 ...
 [ 76  55 125]
 [ 76  56 125]
 [ 77  56 125]] | [[243 152  37]
 [243 152  37]
 [243 152  37]
 ...
 [ 75  55 125]
 [ 76  55 125]
 [ 76  56 125]] | [[243 152  37]
 [243 152  37]
 [243 152  37]
 ...
 [ 75  55 125]
 [ 75  55 125]
 [ 76  55 125]] | [[243 152  37]
 [243 152  37]
 [243 152  37]
 ...
 [ 74  54 125]
 [ 75  55 125]
 [ 76  55 125]] | [[243 152  37]
 [243 152  37]
 [243 152  37]
 ...
 [ 74  54 125]
 [ 75  55 125]
 [ 75  55 125]] | [[243 152  37]
 [243 152  37]
 [243 152  37]
 ...
 [ 74  54 125]
 [ 75  55 125]
 [ 75  55 125]] | [[243 152  37]
 [243 152  37]
 [243 152  37]
 ...
 [ 74  54 125]
 [ 75  55 125]
 [ 75  55 125]] | [[243 152  37]
 [243 152  37]
 [243 152  37]
 ...
 [ 74  54 125]
 [ 75  55 125]
 [ 75  55 125]] | [[243 152  37]
 [243 152  37]
 [243 152  37]
 ...
 [ 74  54 125]
 [ 75  55 125]
 [ 75  55 125]] | [[243 152  37]
 [243 152  37]
 [243 152  37]
 ...
 [ 75  55 125]
 [ 75  55 125]
 [ 76  55 125]] | [[243 152  37]
 [243 152  37]
 [243 152  37]
 ...
 [ 76  55 125]
 [ 76  55 125]
 [ 76  55 125]] | [[243 152  37]
 [243 152  37]
 [243 152  37]
 ...
 [ 76  56 125]
 [ 76  56 125]
 [ 76  56 125]] | [[243 152  37]
 [243 152  37]
 [243 152  37]
 ...
 [ 77  56 125]
 [ 77  56 125]
 [ 77  56 125]] | [[243 152  37]
 [243 152  37]
 [243 152  37]
 ...
 [ 78  56 125]
 [ 77  56 125]
 [ 78  56 125]] | [[243 152  37]
 [243 152  37]
 [243 152  37]
 ...
 [ 78  57 125]
 [ 78  57 125]
 [ 78  57 125]] | [[243 152  37]
 [243 152  37]
 [243 152  37]
 ...
 [ 79  57 126]
 [ 79  57 126]
 [ 79  57 126]] | [[243 152  37]
 [243 152  37]
 [243 152  37]
 ...
 [ 80  58 126]
 [ 80  58 126]
 [ 80  58 126]] | [[243 152  37]
 [243 152  37]
 [243 152  37]
 ...
 [ 80  58 126]
 [ 80  58 126]
 [ 80  58 126]] | [[243 152  37]
 [243 152  37]
 [243 152  37]
 ...
 [ 81  59 126]
 [ 81  59 126]
 [ 81  59 126]] | [[243 152  37]
 [243 152  37]
 [243 152  37]
 ...
 [ 82  60 126]
 [ 82  60 126]
 [ 82  60 126]] | [[243 152  37]
 [243 152  37]
 [243 152  37]
 ...
 [ 83  60 127]
 [ 83  60 127]
 [ 83  60 127]] | [[243 152  37]
 [243 152  37]
 [243 152  37]
 ...
 [ 84  61 127]
 [ 84  61 127]
 [ 84  61 127]] | [[243 152  37]
 [243 152  37]
 [243 152  37]
 ...
 [ 86  62 127]
 [ 85  62 127]
 [ 85  62 127]] | [[243 152  37]
 [243 152  37]
 [243 152  37]
 ...
 [ 87  63 127]
 [ 87  63 127]
 [ 87  63 127]] | [[243 152  37]
 [243 152  37]
 [243 152  37]
 ...
 [ 88  64 127]
 [ 88  63 127]
 [ 88  64 127]] | [[243 152  37]
 [243 152  37]
 [243 152  37]
 ...
 [ 90  64 127]
 [ 90  64 127]
 [ 90  64 127]] | [[243 152  37]
 [243 152  37]
 [243 152  37]
 ...
 [ 91  65 128]
 [ 91  65 128]
 [ 91  65 128]] | [[243 152  37]
 [243 152  37]
 [243 152  37]
 ...
 [ 93  66 128]
 [ 93  66 128]
 [ 93  66 128]] | [[243 152  37]
 [243 152  37]
 [243 152  37]
 ...
 [ 95  67 127]
 [ 94  67 128]
 [ 94  67 128]] | [[243 152  37]
 [243 152  37]
 [243 152  37]
 ...
 [104  73 121]
 [ 96  68 127]
 [ 95  68 128]] | [[243 152  37]
 [243 152  37]
 [243 152  37]
 ...
 [130  87  99]
 [105  74 121]
 [ 97  69 127]] | [[243 152  37]
 [243 152  37]
 [243 152  37]
 ...
 [169 109  67]
 [132  88  99]
 [107  74 121]] | [[243 152  37]
 [243 152  37]
 [243 152  37]
 ...
 [200 126  42]
 [171 110  67]
 [134  89  99]] | [[243 152  37]
 [243 152  37]
 [243 152  37]
 ...
 [213 133  34]
 [202 127  43]
 [174 112  67]] | [[243 152  37]
 [243 152  37]
 [243 152  37]
 ...
 [217 135  33]
 [216 134  34]
 [205 129  43]] | [[243 152  37]
 [243 152  37]
 [243 152  37]
 ...
 [220 137  34]
 [220 137  34]
 [218 136  35]] | [[243 152  37]
 [243 152  37]
 [243 152  37]
 ...
 [223 139  34]
 [223 139  34]
 [222 139  34]] | [[243 152  37]
 [243 152  37]
 [243 152  37]
 ...
 [225 140  34]
 [225 140  34]
 [225 140  34]] | [[243 152  37]
 [243 152  37]
 [243 152  37]
 ...
 [227 142  35]
 [227 142  35]
 [227 142  35]] | [[243 152  37]
 [243 152  37]
 [243 152  37]
 ...
 [229 143  35]
 [228 143  35]
 [228 143  35]] | [[243 152  37]
 [243 152  37]
 [243 152  37]
 ...
 [230 144  35]
 [230 144  35]
 [230 144  35]] | [[243 152  37]
 [243 152  37]
 [243 152  37]
 ...
 [232 145  36]
 [232 145  36]
 [232 145  36]] | [[243 152  37]
 [243 152  37]
 [243 152  37]
 ...
 [234 146  36]
 [234 146  36]
 [234 146  36]] | [[243 152  37]
 [243 152  37]
 [243 152  37]
 ...
 [235 147  36]
 [235 147  36]
 [235 147  36]] | [[243 152  37]
 [243 152  37]
 [243 152  37]
 ...
 [236 148  36]
 [236 148  36]
 [236 148  36]] | [[243 152  37]
 [243 152  37]
 [243 152  37]
 ...
 [237 149  36]
 [237 149  36]
 [237 148  36]] | [[243 152  37]
 [243 152  37]
 [243 152  37]
 ...
 [238 149  36]
 [238 149  36]
 [238 149  36]] | [[243 152  37]
 [243 152  37]
 [243 152  37]
 ...
 [239 150  36]
 [239 150  36]
 [239 150  36]] | [[243 152  37]
 [243 152  37]
 [243 152  37]
 ...
 [240 150  37]
 [240 150  37]
 [240 150  37]] | [[243 152  37]
 [243 152  37]
 [243 152  37]
 ...
 [240 150  37]
 [240 150  37]
 [240 150  37]] | [[243 152  37]
 [243 152  37]
 [243 152  37]
 ...
 [241 151  37]
 [241 151  37]
 [241 151  37]] | [[243 152  37]
 [243 152  37]
 [243 152  37]
 ...
 [241 151  37]
 [241 151  37]
 [241 151  37]] | [[243 152  37]
 [243 152  37]
 [243 152  37]
 ...
 [242 151  37]
 [242 151  37]
 [242 151  37]] | [[243 152  37]
 [243 152  37]
 [243 152  37]
 ...
 [242 151  37]
 [242 151  37]
 [242 151  37]] | [[243 152  37]
 [243 152  37]
 [243 152  37]
 ...
 [242 151  37]
 [242 151  37]
 [242 151  37]] | [[243 152  37]
 [243 152  37]
 [243 152  37]
 ...
 [242 152  37]
 [242 152  37]
 [242 152  37]] | [[243 152  37]
 [243 152  37]
 [243 152  37]
 ...
 [242 152  37]
 [242 152  37]
 [242 152  37]] | [[243 152  37]
 [243 152  37]
 [243 152  37]
 ...
 [243 152  37]
 [243 152  37]
 [243 152  37]] | [[243 152  37]
 [243 152  37]
 [243 152  37]
 ...
 [243 152  37]
 [243 152  37]
 [243 152  37]] | [[243 152  37]
 [243 152  37]
 [243 152  37]
 ...
 [243 152  37]
 [243 152  37]
 [243 152  37]] | [[243 152  37]
 [243 152  37]
 [243 152  37]
 ...
 [243 152  37]
 [243 152  37]
 [243 152  37]] | [[243 152  37]
 [243 152  37]
 [243 152  37]
 ...
 [243 152  37]
 [243 152  37]
 [243 152  37]] | [[243 152  37]
 [243 152  37]
 [243 152  37]
 ...
 [243 152  37]
 [243 152  37]
 [243 152  37]] | [[243 152  37]
 [243 152  37]
 [243 152  37]
 ...
 [243 152  37]
 [243 152  37]
 [243 152  37]] | [[243 152  37]
 [243 152  37]
 [243 152  37]
 ...
 [243 152  37]
 [243 152  37]
 [243 152  37]] | [[243 152  37]
 [243 152  37]
 [243 152  37]
 ...
 [243 152  37]
 [243 152  37]
 [243 152  37]] | [[243 152  37]
 [243 152  37]
 [243 152  37]
 ...
 [243 152  37]
 [243 152  37]
 [243 152  37]] | [[243 152  37]
 [243 152  37]
 [243 152  37]
 ...
 [243 152  37]
 [243 152  37]
 [243 152  37]] | [[243 152  37]
 [243 152  37]
 [243 152  37]
 ...
 [243 152  37]
 [243 152  37]
 [243 152  37]] | [[243 152  37]
 [243 152  37]
 [243 152  37]
 ...
 [243 152  37]
 [243 152  37]
 [243 152  37]] | [[243 152  37]
 [243 152  37]
 [243 152  37]
 ...
 [243 152  37]
 [243 152  37]
 [243 152  37]] | [[243 152  37]
 [243 152  37]
 [243 152  37]
 ...
 [243 152  37]
 [243 152  37]
 [243 152  37]] | [[243 152  37]
 [243 152  37]
 [243 152  37]
 ...
 [243 152  37]
 [243 152  37]
 [243 152  37]] | [[243 152  37]
 [243 152  37]
 [243 152  37]
 ...
 [243 152  37]
 [243 152  37]
 [243 152  37]] | [[243 152  37]
 [243 152  37]
 [243 152  37]
 ...
 [243 152  37]
 [243 152  37]
 [243 152  37]] | [[243 152  37]
 [243 152  37]
 [243 152  37]
 ...
 [243 152  37]
 [243 152  37]
 [243 152  37]] | [[243 152  37]
 [243 152  37]
 [243 152  37]
 ...
 [243 152  37]
 [243 152  37]
 [243 152  37]] | [[243 152  37]
 [243 152  37]
 [243 152  37]
 ...
 [243 152  37]
 [243 152  37]
 [243 152  37]] | [[243 152  37]
 [243 152  37]
 [243 152  37]
 ...
 [243 152  37]
 [243 152  37]
 [243 152  37]] | [[243 152  37]
 [243 152  37]
 [243 152  37]
 ...
 [243 152  37]
 [243 152  37]
 [243 152  37]] | [[243 152  37]
 [243 152  37]
 [243 152  37]
 ...
 [243 152  37]
 [243 152  37]
 [243 152  37]] | [[243 152  37]
 [243 152  37]
 [243 152  37]
 ...
 [243 152  37]
 [243 152  37]
 [243 152  37]] | [[243 152  37]
 [243 152  37]
 [243 152  37]
 ...
 [243 152  37]
 [243 152  37]
 [243 152  37]] | [[243 152  37]
 [243 152  37]
 [243 152  37]
 ...
 [243 152  37]
 [243 152  37]
 [243 152  37]] | [[243 152  37]
 [243 152  37]
 [243 152  37]
 ...
 [243 152  37]
 [243 152  37]
 [243 152  37]] | [[243 152  37]
 [243 152  37]
 [243 152  37]
 ...
 [243 152  37]
 [243 152  37]
 [243 152  37]] | [[243 152  37]
 [243 152  37]
 [243 152  37]
 ...
 [243 152  37]
 [243 152  37]
 [243 152  37]] | [[243 152  37]
 [243 152  37]
 [243 152  37]
 ...
 [243 152  37]
 [243 152  37]
 [243 152  37]] | [[243 152  37]
 [243 152  37]
 [243 152  37]
 ...
 [243 152  37]
 [243 152  37]
 [243 152  37]] | [[243 152  37]
 [243 152  37]
 [243 152  37]
 ...
 [243 152  37]
 [243 152  37]
 [243 152  37]] | [[243 152  37]
 [243 152  37]
 [243 152  37]
 ...
 [243 152  37]
 [243 152  37]
 [243 152  37]] | [[243 152  37]
 [243 152  37]
 [243 152  37]
 ...
 [243 152  37]
 [243 152  37]
 [243 152  37]] | [[243 152  37]
 [243 152  37]
 [243 152  37]
 ...
 [243 152  37]
 [243 152  37]
 [243 152  37]] | [[243 152  37]
 [243 152  37]
 [243 152  37]
 ...
 [243 152  37]
 [243 152  37]
 [243 152  37]] | [[243 152  37]
 [243 152  37]
 [243 152  37]
 ...
 [243 152  37]
 [243 152  37]
 [243 152  37]] | [[243 152  37]
 [243 152  37]
 [243 152  37]
 ...
 [243 152  37]
 [243 152  37]
 [243 152  37]] | [[242 156  48]
 [241 156  48]
 [241 156  48]
 ...
 [241 156  48]
 [241 156  48]
 [242 156  48]] | [[236 173  94]
 [235 172  93]
 [234 172  92]
 ...
 [234 172  92]
 [235 172  93]
 [236 173  94]] | [[228 200 164]
 [226 198 162]
 [224 195 160]
 ...
 [224 195 160]
 [226 198 162]
 [228 200 164]] | [[224 218 211]
 [221 215 208]
 [218 213 205]
 ...
 [218 213 205]
 [221 215 208]
 [224 218 211]] | [[225 225 225]
 [222 222 222]
 [219 219 219]
 ...
 [219 219 219]
 [222 222 222]
 [225 225 225]] | [[227 227 227]
 [224 224 224]
 [221 221 221]
 ...
 [221 221 221]
 [224 224 224]
 [227 227 227]] | [[228 228 228]
 [225 225 225]
 [222 222 222]
 ...
 [222 222 222]
 [225 225 225]
 [228 228 228]] | [[228 228 228]
 [226 226 226]
 [224 224 224]
 ...
 [224 224 224]
 [226 226 226]
 [228 228 228]] | [[229 229 229]
 [227 227 227]
 [225 225 225]
 ...
 [225 225 225]
 [227 227 227]
 [229 229 229]] | [[230 230 230]
 [228 228 228]
 [226 226 226]
 ...
 [226 226 226]
 [228 228 228]
 [230 230 230]] | [[231 231 231]
 [229 229 229]
 [228 228 228]
 ...
 [228 228 228]
 [229 229 229]
 [231 231 231]] | [[233 233 233]
 [231 231 231]
 [229 229 229]
 ...
 [229 229 229]
 [231 231 231]
 [233 233 233]] | [[234 234 234]
 [233 233 233]
 [231 231 231]
 ...
 [231 231 231]
 [233 233 233]
 [234 234 234]] | [[236 236 236]
 [234 234 234]
 [233 233 233]
 ...
 [233 233 233]
 [234 234 234]
 [236 236 236]] | [[237 237 237]
 [236 236 236]
 [235 235 235]
 ...
 [235 235 235]
 [236 236 236]
 [237 237 237]] | [[239 239 239]
 [238 238 238]
 [237 237 237]
 ...
 [237 237 237]
 [238 238 238]
 [239 239 239]] | [[240 240 240]
 [240 240 240]
 [239 239 239]
 ...
 [239 239 239]
 [240 240 240]
 [240 240 240]] | [[242 242 242]
 [241 241 241]
 [241 241 241]
 ...
 [241 241 241]
 [241 241 241]
 [242 242 242]] | [[243 243 243]
 [243 243 243]
 [242 242 242]
 ...
 [242 242 242]
 [243 243 243]
 [243 243 243]] | [[244 244 244]
 [244 244 244]
 [244 244 244]
 ...
 [244 244 244]
 [244 244 244]
 [244 244 244]] | [[246 246 246]
 [245 245 245]
 [245 245 245]
 ...
 [245 245 245]
 [245 245 245]
 [246 246 246]] | [[247 247 247]
 [246 246 246]
 [246 246 246]
 ...
 [246 246 246]
 [246 246 246]
 [247 247 247]] | [[247 247 247]
 [247 247 247]
 [247 247 247]
 ...
 [247 247 247]
 [247 247 247]
 [247 247 247]] | [[248 248 248]
 [248 248 248]
 [248 248 248]
 ...
 [248 248 248]
 [248 248 248]
 [248 248 248]] | [[249 249 249]
 [249 249 249]
 [249 249 249]
 ...
 [249 249 249]
 [249 249 249]
 [249 249 249]] | [[249 249 249]
 [249 249 249]
 [249 249 249]
 ...
 [249 249 249]
 [249 249 249]
 [249 249 249]] | [[250 250 250]
 [250 250 250]
 [250 250 250]
 ...
 [250 250 250]
 [250 250 250]
 [250 250 250]] | [[250 250 250]
 [250 250 250]
 [250 250 250]
 ...
 [250 250 250]
 [250 250 250]
 [250 250 250]] | [[250 250 250]
 [250 250 250]
 [250 250 250]
 ...
 [250 250 250]
 [250 250 250]
 [250 250 250]] | [[250 250 250]
 [250 250 250]
 [250 250 250]
 ...
 [250 250 250]
 [250 250 250]
 [250 250 250]] | [[250 250 250]
 [250 250 250]
 [250 250 250]
 ...
 [250 250 250]
 [250 250 250]
 [250 250 250]] | [[250 250 250]
 [250 250 250]
 [250 250 250]
 ...
 [250 250 250]
 [250 250 250]
 [250 250 250]] | [[250 250 250]
 [250 250 250]
 [250 250 250]
 ...
 [250 250 250]
 [250 250 250]
 [250 250 250]] | [[250 250 250]
 [250 250 250]
 [250 250 250]
 ...
 [250 250 250]
 [250 250 250]
 [250 250 250]] | [[250 250 250]
 [250 250 250]
 [250 250 250]
 ...
 [250 250 250]
 [250 250 250]
 [250 250 250]] | [[250 250 250]
 [250 250 250]
 [250 250 250]
 ...
 [250 250 250]
 [250 250 250]
 [250 250 250]] | [[250 250 250]
 [250 250 250]
 [250 250 250]
 ...
 [250 250 250]
 [250 250 250]
 [250 250 250]] | [[250 250 250]
 [250 250 250]
 [250 250 250]
 ...
 [250 250 250]
 [250 250 250]
 [250 250 250]] | [[250 250 250]
 [250 250 250]
 [250 250 250]
 ...
 [250 250 250]
 [250 250 250]
 [250 250 250]] | [[250 250 250]
 [250 250 250]
 [250 250 250]
 ...
 [250 250 250]
 [250 250 250]
 [250 250 250]] | [[250 250 250]
 [250 250 250]
 [250 250 250]
 ...
 [250 250 250]
 [250 250 250]
 [250 250 250]] | [[250 250 250]
 [250 250 250]
 [250 250 250]
 ...
 [250 250 250]
 [250 250 250]
 [250 250 250]] | [[250 250 250]
 [250 250 250]
 [250 250 250]
 ...
 [250 250 250]
 [250 250 250]
 [250 250 250]] | [[250 250 250]
 [250 250 250]
 [250 250 250]
 ...
 [250 250 250]
 [250 250 250]
 [250 250 250]] | [[250 250 250]
 [250 250 250]
 [250 250 250]
 ...
 [250 250 250]
 [250 250 250]
 [250 250 250]] | [[250 250 250]
 [250 250 250]
 [250 250 250]
 ...
 [250 250 250]
 [250 250 250]
 [250 250 250]] | [[250 250 250]
 [250 250 250]
 [250 250 250]
 ...
 [250 250 250]
 [250 250 250]
 [250 250 250]] | [[250 250 250]
 [250 250 250]
 [250 250 250]
 ...
 [250 250 250]
 [250 250 250]
 [250 250 250]] | [[250 250 250]
 [250 250 250]
 [250 250 250]
 ...
 [250 250 250]
 [250 250 250]
 [250 250 250]] | [[250 250 250]
 [250 250 250]
 [250 250 250]
 ...
 [250 250 250]
 [250 250 250]
 [250 250 250]] | [[250 250 250]
 [250 250 250]
 [250 250 250]
 ...
 [250 250 250]
 [250 250 250]
 [250 250 250]] | [[250 250 250]
 [250 250 250]
 [250 250 250]
 ...
 [250 250 250]
 [250 250 250]
 [250 250 250]] | [[250 250 250]
 [250 250 250]
 [250 250 250]
 ...
 [250 250 250]
 [250 250 250]
 [250 250 250]] | [[250 250 250]
 [250 250 250]
 [250 250 250]
 ...
 [250 250 250]
 [250 250 250]
 [250 250 250]] | [[250 250 250]
 [250 250 250]
 [250 250 250]
 ...
 [250 250 250]
 [250 250 250]
 [250 250 250]] | [[250 250 250]
 [250 250 250]
 [250 250 250]
 ...
 [250 250 250]
 [250 250 250]
 [250 250 250]] | [[250 250 250]
 [250 250 250]
 [250 250 250]
 ...
 [250 250 250]
 [250 250 250]
 [250 250 250]] | [[250 250 250]
 [250 250 250]
 [250 250 250]
 ...
 [250 250 250]
 [250 250 250]
 [250 250 250]] | [[250 250 250]
 [250 250 250]
 [250 250 250]
 ...
 [250 250 250]
 [250 250 250]
 [250 250 250]] | [[250 250 250]
 [250 250 250]
 [250 250 250]
 ...
 [250 250 250]
 [250 250 250]
 [250 250 250]] | [[250 250 250]
 [250 250 250]
 [250 250 250]
 ...
 [250 250 250]
 [250 250 250]
 [250 250 250]] | [[250 250 250]
 [250 250 250]
 [250 250 250]
 ...
 [250 250 250]
 [250 250 250]
 [250 250 250]] | [[250 250 250]
 [250 250 250]
 [250 250 250]
 ...
 [250 250 250]
 [250 250 250]
 [250 250 250]] | [[250 250 250]
 [250 250 250]
 [250 250 250]
 ...
 [250 250 250]
 [250 250 250]
 [250 250 250]] | [[250 250 250]
 [250 250 250]
 [250 250 250]
 ...
 [250 250 250]
 [250 250 250]
 [250 250 250]] | [[250 250 250]
 [250 250 250]
 [250 250 250]
 ...
 [250 250 250]
 [250 250 250]
 [250 250 250]] | [[250 250 250]
 [250 250 250]
 [250 250 250]
 ...
 [250 250 250]
 [250 250 250]
 [250 250 250]] | [[250 250 250]
 [250 250 250]
 [250 250 250]
 ...
 [250 250 250]
 [250 250 250]
 [250 250 250]] | [[250 250 250]
 [250 250 250]
 [250 250 250]
 ...
 [250 250 250]
 [250 250 250]
 [250 250 250]] | [[250 250 250]
 [250 250 250]
 [250 250 250]
 ...
 [250 250 250]
 [250 250 250]
 [250 250 250]] | [[250 250 250]
 [250 250 250]
 [250 250 250]
 ...
 [250 250 250]
 [250 250 250]
 [250 250 250]] | [[250 250 250]
 [250 250 250]
 [250 250 250]
 ...
 [250 250 250]
 [250 250 250]
 [250 250 250]] | [[250 250 250]
 [250 250 250]
 [250 250 250]
 ...
 [250 250 250]
 [250 250 250]
 [250 250 250]] | [[250 250 250]
 [250 250 250]
 [250 250 250]
 ...
 [250 250 250]
 [250 250 250]
 [250 250 250]] | [[250 250 250]
 [250 250 250]
 [250 250 250]
 ...
 [250 250 250]
 [250 250 250]
 [250 250 250]] | [[250 250 250]
 [250 250 250]
 [250 250 250]
 ...
 [250 250 250]
 [250 250 250]
 [250 250 250]] | [[250 250 250]
 [250 250 250]
 [250 250 250]
 ...
 [250 250 250]
 [250 250 250]
 [250 250 250]] | [[250 250 250]
 [250 250 250]
 [250 250 250]
 ...
 [250 250 250]
 [250 250 250]
 [250 250 250]] | [[250 250 250]
 [250 250 250]
 [250 250 250]
 ...
 [250 250 250]
 [250 250 250]
 [250 250 250]] | [[250 250 250]
 [250 250 250]
 [250 250 250]
 ...
 [250 250 250]
 [250 250 250]
 [250 250 250]] | [[250 250 250]
 [250 250 250]
 [250 250 250]
 ...
 [250 250 250]
 [250 250 250]
 [250 250 250]] | [[250 250 250]
 [250 250 250]
 [250 250 250]
 ...
 [250 250 250]
 [250 250 250]
 [250 250 250]] | [[250 250 250]
 [250 250 250]
 [250 250 250]
 ...
 [250 250 250]
 [250 250 250]
 [250 250 250]] | [[250 250 250]
 [250 250 250]
 [250 250 250]
 ...
 [250 250 250]
 [250 250 250]
 [250 250 250]] | [[250 250 250]
 [250 250 250]
 [250 250 250]
 ...
 [250 250 250]
 [250 250 250]
 [250 250 250]] | [[250 250 250]
 [250 250 250]
 [250 250 250]
 ...
 [250 250 250]
 [250 250 250]
 [250 250 250]] | [[250 250 250]
 [250 250 250]
 [250 250 250]
 ...
 [250 250 250]
 [250 250 250]
 [250 250 250]] | [[250 250 250]
 [250 250 250]
 [250 250 250]
 ...
 [250 250 250]
 [250 250 250]
 [250 250 250]] | [[250 250 250]
 [250 250 250]
 [250 250 250]
 ...
 [250 250 250]
 [250 250 250]
 [250 250 250]] | [[250 250 250]
 [250 250 250]
 [250 250 250]
 ...
 [250 250 250]
 [250 250 250]
 [250 250 250]] | [[250 250 250]
 [250 250 250]
 [250 250 250]
 ...
 [250 250 250]
 [250 250 250]
 [250 250 250]] | [[250 250 250]
 [250 250 250]
 [250 250 250]
 ...
 [250 250 250]
 [250 250 250]
 [250 250 250]] | [[250 250 250]
 [250 250 250]
 [250 250 250]
 ...
 [250 250 250]
 [250 250 250]
 [250 250 250]] | [[250 250 250]
 [250 250 250]
 [250 250 250]
 ...
 [250 250 250]
 [250 250 250]
 [250 250 250]] | [[250 250 250]
 [250 250 250]
 [250 250 250]
 ...
 [250 250 250]
 [250 250 250]
 [250 250 250]] | [[250 250 250]
 [250 250 250]
 [250 250 250]
 ...
 [250 250 250]
 [250 250 250]
 [250 250 250]] | [[250 250 250]
 [250 250 250]
 [250 250 250]
 ...
 [250 250 250]
 [250 250 250]
 [250 250 250]] | [[250 250 250]
 [250 250 250]
 [250 250 250]
 ...
 [250 250 250]
 [250 250 250]
 [250 250 250]] | [[250 250 250]
 [250 250 250]
 [250 250 250]
 ...
 [250 250 250]
 [250 250 250]
 [250 250 250]] | [[250 250 250]
 [250 250 250]
 [250 250 250]
 ...
 [250 250 250]
 [250 250 250]
 [250 250 250]] | [[250 250 250]
 [250 250 250]
 [250 250 250]
 ...
 [250 250 250]
 [250 250 250]
 [250 250 250]] | [[250 250 250]
 [250 250 250]
 [250 250 250]
 ...
 [250 250 250]
 [250 250 250]
 [250 250 250]] | [[250 250 250]
 [250 250 250]
 [250 250 250]
 ...
 [250 250 250]
 [250 250 250]
 [250 250 250]] | [[250 250 250]
 [250 250 250]
 [250 250 250]
 ...
 [250 250 250]
 [250 250 250]
 [250 250 250]] | [[250 250 250]
 [250 250 250]
 [250 250 250]
 ...
 [250 250 250]
 [250 250 250]
 [250 250 250]] | [[250 250 250]
 [250 250 250]
 [250 250 250]
 ...
 [250 250 250]
 [250 250 250]
 [250 250 250]] | [[250 250 250]
 [250 250 250]
 [250 250 250]
 ...
 [250 250 250]
 [250 250 250]
 [250 250 250]] | [[250 250 250]
 [250 250 250]
 [250 250 250]
 ...
 [250 250 250]
 [250 250 250]
 [250 250 250]] | [[250 250 250]
 [250 250 250]
 [250 250 250]
 ...
 [250 250 250]
 [250 250 250]
 [250 250 250]] | [[250 250 250]
 [250 250 250]
 [250 250 250]
 ...
 [250 250 250]
 [250 250 250]
 [250 250 250]] | [[250 250 250]
 [250 250 250]
 [250 250 250]
 ...
 [250 250 250]
 [250 250 250]
 [250 250 250]] | [[250 250 250]
 [250 250 250]
 [250 250 250]
 ...
 [250 250 250]
 [250 250 250]
 [250 250 250]] | [[250 250 250]
 [250 250 250]
 [250 250 250]
 ...
 [250 250 250]
 [250 250 250]
 [250 250 250]] | [[250 250 250]
 [250 250 250]
 [250 250 250]
 ...
 [250 250 250]
 [250 250 250]
 [250 250 250]] | [[250 250 250]
 [250 250 250]
 [250 250 250]
 ...
 [250 250 250]
 [250 250 250]
 [250 250 250]] | [[250 250 250]
 [250 250 250]
 [250 250 250]
 ...
 [250 250 250]
 [250 250 250]
 [250 250 250]] | [[250 250 250]
 [250 250 250]
 [250 250 250]
 ...
 [250 250 250]
 [250 250 250]
 [250 250 250]] | [[250 250 250]
 [250 250 250]
 [250 250 250]
 ...
 [250 250 250]
 [250 250 250]
 [250 250 250]] | [[250 250 250]
 [250 250 250]
 [250 250 250]
 ...
 [250 250 250]
 [250 250 250]
 [250 250 250]] | [[250 250 250]
 [250 250 250]
 [250 250 250]
 ...
 [250 250 250]
 [250 250 250]
 [250 250 250]] | [[250 250 250]
 [250 250 250]
 [250 250 250]
 ...
 [250 250 250]
 [250 250 250]
 [250 250 250]] | [[250 250 250]
 [250 250 250]
 [250 250 250]
 ...
 [250 250 250]
 [250 250 250]
 [250 250 250]] | [[250 250 250]
 [250 250 250]
 [250 250 250]
 ...
 [250 250 250]
 [250 250 250]
 [250 250 250]] | [[250 250 250]
 [250 250 250]
 [250 250 250]
 ...
 [250 250 250]
 [250 250 250]
 [250 250 250]] | [[250 250 250]
 [250 250 250]
 [250 250 250]
 ...
 [250 250 250]
 [250 250 250]
 [250 250 250]] | [[250 250 250]
 [250 250 250]
 [250 250 250]
 ...
 [250 250 250]
 [250 250 250]
 [250 250 250]] | [[250 250 250]
 [250 250 250]
 [250 250 250]
 ...
 [250 250 250]
 [250 250 250]
 [250 250 250]] | [[250 250 250]
 [250 250 250]
 [250 250 250]
 ...
 [250 250 250]
 [250 250 250]
 [250 250 250]] | [[250 250 250]
 [250 250 250]
 [250 250 250]
 ...
 [250 250 250]
 [250 250 250]
 [250 250 250]] | [[250 250 250]
 [250 250 250]
 [250 250 250]
 ...
 [250 250 250]
 [250 250 250]
 [250 250 250]] | [[250 250 250]
 [250 250 250]
 [250 250 250]
 ...
 [250 250 250]
 [250 250 250]
 [250 250 250]] | [[250 250 250]
 [250 250 250]
 [250 250 250]
 ...
 [250 250 250]
 [250 250 250]
 [250 250 250]] | [[250 250 250]
 [250 250 250]
 [250 250 250]
 ...
 [250 250 250]
 [250 250 250]
 [250 250 250]] | [[250 250 250]
 [250 250 250]
 [250 250 250]
 ...
 [250 250 250]
 [250 250 250]
 [250 250 250]] | [[250 250 250]
 [250 250 250]
 [250 250 250]
 ...
 [250 250 250]
 [250 250 250]
 [250 250 250]] | [[250 250 250]
 [250 250 250]
 [250 250 250]
 ...
 [250 250 250]
 [250 250 250]
 [250 250 250]] | [[250 250 250]
 [250 250 250]
 [250 250 250]
 ...
 [250 250 250]
 [250 250 250]
 [250 250 250]] | [[250 250 250]
 [250 250 250]
 [250 250 250]
 ...
 [250 250 250]
 [250 250 250]
 [250 250 250]] | [[250 250 250]
 [250 250 250]
 [250 250 250]
 ...
 [250 250 250]
 [250 250 250]
 [250 250 250]] | [[250 250 250]
 [250 250 250]
 [250 250 250]
 ...
 [250 250 250]
 [250 250 250]
 [250 250 250]] | [[250 250 250]
 [250 250 250]
 [250 250 250]
 ...
 [250 250 250]
 [250 250 250]
 [250 250 250]] | [[250 250 250]
 [250 250 250]
 [250 250 250]
 ...
 [250 250 250]
 [250 250 250]
 [250 250 250]] | [[250 250 250]
 [250 250 250]
 [250 250 250]
 ...
 [250 250 250]
 [250 250 250]
 [250 250 250]] | [[250 250 250]
 [250 250 250]
 [250 250 250]
 ...
 [250 250 250]
 [250 250 250]
 [250 250 250]] | [[250 250 250]
 [250 250 250]
 [250 250 250]
 ...
 [250 250 250]
 [250 250 250]
 [250 250 250]] | [[250 250 250]
 [250 250 250]
 [250 250 250]
 ...
 [250 250 250]
 [250 250 250]
 [250 250 250]] | [[250 250 250]
 [250 250 250]
 [250 250 250]
 ...
 [250 250 250]
 [250 250 250]
 [250 250 250]] | [[250 250 250]
 [250 250 250]
 [250 250 250]
 ...
 [250 250 250]
 [250 250 250]
 [250 250 250]] | [[250 250 250]
 [250 250 250]
 [250 250 250]
 ...
 [250 250 250]
 [250 250 250]
 [250 250 250]] | [[250 250 250]
 [250 250 250]
 [250 250 250]
 ...
 [250 250 250]
 [250 250 250]
 [250 250 250]] | [[250 250 250]
 [250 250 250]
 [250 250 250]
 ...
 [250 250 250]
 [250 250 250]
 [250 250 250]] | [[250 250 250]
 [250 250 250]
 [250 250 250]
 ...
 [250 250 250]
 [250 250 250]
 [250 250 250]] | [[250 250 250]
 [250 250 250]
 [250 250 250]
 ...
 [250 250 250]
 [250 250 250]
 [250 250 250]] | [[250 250 250]
 [250 250 250]
 [250 250 250]
 ...
 [250 250 250]
 [250 250 250]
 [250 250 250]] | [[250 250 250]
 [250 250 250]
 [250 250 250]
 ...
 [250 250 250]
 [250 250 250]
 [250 250 250]] | [[250 250 250]
 [250 250 250]
 [250 250 250]
 ...
 [250 250 250]
 [250 250 250]
 [250 250 250]] | [[250 250 250]
 [250 250 250]
 [250 250 250]
 ...
 [250 250 250]
 [250 250 250]
 [250 250 250]] | [[250 250 250]
 [250 250 250]
 [250 250 250]
 ...
 [250 250 250]
 [250 250 250]
 [250 250 250]] | [[250 250 250]
 [250 250 250]
 [250 250 250]
 ...
 [250 250 250]
 [250 250 250]
 [250 250 250]] | [[250 250 250]
 [250 250 250]
 [250 250 250]
 ...
 [250 250 250]
 [250 250 250]
 [250 250 250]] | [[250 250 250]
 [250 250 250]
 [250 250 250]
 ...
 [250 250 250]
 [250 250 250]
 [250 250 250]] | [[250 250 250]
 [250 250 250]
 [250 250 250]
 ...
 [250 250 250]
 [250 250 250]
 [250 250 250]] | [[250 250 250]
 [250 250 250]
 [250 250 250]
 ...
 [250 250 250]
 [250 250 250]
 [250 250 250]] | [[250 250 250]
 [250 250 250]
 [250 250 250]
 ...
 [250 250 250]
 [250 250 250]
 [250 250 250]] | [[250 250 250]
 [250 250 250]
 [250 250 250]
 ...
 [250 250 250]
 [250 250 250]
 [250 250 250]] | [[250 250 250]
 [250 250 250]
 [250 250 250]
 ...
 [250 250 250]
 [250 250 250]
 [250 250 250]] | [[250 250 250]
 [250 250 250]
 [250 250 250]
 ...
 [250 250 250]
 [250 250 250]
 [250 250 250]] | [[250 250 250]
 [250 250 250]
 [250 250 250]
 ...
 [250 250 250]
 [250 250 250]
 [250 250 250]] | [[250 250 250]
 [250 250 250]
 [250 250 250]
 ...
 [250 250 250]
 [250 250 250]
 [250 250 250]] | [[250 250 250]
 [250 250 250]
 [250 250 250]
 ...
 [250 250 250]
 [250 250 250]
 [250 250 250]] | [[250 250 250]
 [250 250 250]
 [250 250 250]
 ...
 [250 250 250]
 [250 250 250]
 [250 250 250]] | [[250 250 250]
 [250 250 250]
 [250 250 250]
 ...
 [250 250 250]
 [250 250 250]
 [250 250 250]] | [[250 250 250]
 [250 250 250]
 [250 250 250]
 ...
 [250 250 250]
 [250 250 250]
 [250 250 250]] | [[250 250 250]
 [250 250 250]
 [250 250 250]
 ...
 [250 250 250]
 [250 250 250]
 [250 250 250]] | [[250 250 250]
 [250 250 250]
 [250 250 250]
 ...
 [250 250 250]
 [250 250 250]
 [250 250 250]] | [[250 250 250]
 [250 250 250]
 [250 250 250]
 ...
 [250 250 250]
 [250 250 250]
 [250 250 250]] | [[250 250 250]
 [250 250 250]
 [250 250 250]
 ...
 [250 250 250]
 [250 250 250]
 [250 250 250]] | [[250 250 250]
 [250 250 250]
 [250 250 250]
 ...
 [250 250 250]
 [250 250 250]
 [250 250 250]] | [[250 250 250]
 [250 250 250]
 [250 250 250]
 ...
 [250 250 250]
 [250 250 250]
 [250 250 250]] | [[250 250 250]
 [250 250 250]
 [250 250 250]
 ...
 [250 250 250]
 [250 250 250]
 [250 250 250]] | [[250 250 250]
 [250 250 250]
 [250 250 250]
 ...
 [250 250 250]
 [250 250 250]
 [250 250 250]] | [[250 250 250]
 [250 250 250]
 [250 250 250]
 ...
 [250 250 250]
 [250 250 250]
 [250 250 250]] | [[250 250 250]
 [250 250 250]
 [250 250 250]
 ...
 [250 250 250]
 [250 250 250]
 [250 250 250]] | [[250 250 250]
 [250 250 250]
 [250 250 250]
 ...
 [250 250 250]
 [250 250 250]
 [250 250 250]] | [[250 250 250]
 [250 250 250]
 [250 250 250]
 ...
 [250 250 250]
 [250 250 250]
 [250 250 250]] | [[250 250 250]
 [250 250 250]
 [250 250 250]
 ...
 [250 250 250]
 [250 250 250]
 [250 250 250]] | [[250 250 250]
 [250 250 250]
 [250 250 250]
 ...
 [250 250 250]
 [250 250 250]
 [250 250 250]] | [[250 250 250]
 [250 250 250]
 [250 250 250]
 ...
 [250 250 250]
 [250 250 250]
 [250 250 250]] | [[250 250 250]
 [250 250 250]
 [250 250 250]
 ...
 [250 250 250]
 [250 250 250]
 [250 250 250]] | [[250 250 250]
 [250 250 250]
 [250 250 250]
 ...
 [250 250 250]
 [250 250 250]
 [250 250 250]] | [[250 250 250]
 [250 250 250]
 [250 250 250]
 ...
 [250 250 250]
 [250 250 250]
 [250 250 250]] | [[250 250 250]
 [250 250 250]
 [250 250 250]
 ...
 [250 250 250]
 [250 250 250]
 [250 250 250]] | [[250 250 250]
 [250 250 250]
 [250 250 250]
 ...
 [250 250 250]
 [250 250 250]
 [250 250 250]] | [[250 250 250]
 [250 250 250]
 [250 250 250]
 ...
 [250 250 250]
 [250 250 250]
 [250 250 250]] | [[250 250 250]
 [250 250 250]
 [250 250 250]
 ...
 [250 250 250]
 [250 250 250]
 [250 250 250]] | [[250 250 250]
 [250 250 250]
 [250 250 250]
 ...
 [250 250 250]
 [250 250 250]
 [250 250 250]] | [[250 250 250]
 [250 250 250]
 [250 250 250]
 ...
 [250 250 250]
 [250 250 250]
 [250 250 250]] | [[250 250 250]
 [250 250 250]
 [250 250 250]
 ...
 [250 250 250]
 [250 250 250]
 [250 250 250]] | [[250 250 250]
 [250 250 250]
 [250 250 250]
 ...
 [250 250 250]
 [250 250 250]
 [250 250 250]] | [[250 250 250]
 [250 250 250]
 [250 250 250]
 ...
 [250 250 250]
 [250 250 250]
 [250 250 250]] | [[250 250 250]
 [250 250 250]
 [250 250 250]
 ...
 [250 250 250]
 [250 250 250]
 [250 250 250]] | [[250 250 250]
 [250 250 250]
 [250 250 250]
 ...
 [250 250 250]
 [250 250 250]
 [250 250 250]] | [[250 250 250]
 [250 250 250]
 [250 250 250]
 ...
 [250 250 250]
 [250 250 250]
 [250 250 250]] | [[250 250 250]
 [250 250 250]
 [250 250 250]
 ...
 [250 250 250]
 [250 250 250]
 [250 250 250]] | [[250 250 250]
 [250 250 250]
 [250 250 250]
 ...
 [250 250 250]
 [250 250 250]
 [250 250 250]] | [[250 250 250]
 [250 250 250]
 [250 250 250]
 ...
 [250 250 250]
 [250 250 250]
 [250 250 250]] | [[250 250 250]
 [250 250 250]
 [250 250 250]
 ...
 [250 250 250]
 [250 250 250]
 [250 250 250]] | [[250 250 250]
 [250 250 250]
 [250 250 250]
 ...
 [250 250 250]
 [250 250 250]
 [250 250 250]] | [[250 250 250]
 [250 250 250]
 [250 250 250]
 ...
 [250 250 250]
 [250 250 250]
 [250 250 250]] | [[250 250 250]
 [250 250 250]
 [250 250 250]
 ...
 [250 250 250]
 [250 250 250]
 [250 250 250]] | [[250 250 250]
 [250 250 250]
 [250 250 250]
 ...
 [250 250 250]
 [250 250 250]
 [250 250 250]] | [[250 250 250]
 [250 250 250]
 [250 250 250]
 ...
 [250 250 250]
 [250 250 250]
 [250 250 250]] | [[250 250 250]
 [250 250 250]
 [250 250 250]
 ...
 [250 250 250]
 [250 250 250]
 [250 250 250]] | [[250 250 250]
 [250 250 250]
 [250 250 250]
 ...
 [250 250 250]
 [250 250 250]
 [250 250 250]] | [[250 250 250]
 [250 250 250]
 [250 250 250]
 ...
 [250 250 250]
 [250 250 250]
 [250 250 250]] | [[250 250 250]
 [250 250 250]
 [250 250 250]
 ...
 [250 250 250]
 [250 250 250]
 [250 250 250]] | [[250 250 250]
 [250 250 250]
 [250 250 250]
 ...
 [250 250 250]
 [250 250 250]
 [250 250 250]] | [[250 250 250]
 [250 250 250]
 [250 250 250]
 ...
 [250 250 250]
 [250 250 250]
 [250 250 250]] | [[250 250 250]
 [250 250 250]
 [250 250 250]
 ...
 [250 250 250]
 [250 250 250]
 [250 250 250]] | [[250 250 250]
 [250 250 250]
 [250 250 250]
 ...
 [250 250 250]
 [250 250 250]
 [250 250 250]] | [[250 250 250]
 [250 250 250]
 [250 250 250]
 ...
 [250 250 250]
 [250 250 250]
 [250 250 250]] | [[250 250 250]
 [250 250 250]
 [250 250 250]
 ...
 [250 250 250]
 [250 250 250]
 [250 250 250]] | [[250 250 250]
 [250 250 250]
 [250 250 250]
 ...
 [250 250 250]
 [250 250 250]
 [250 250 250]] | [[250 250 250]
 [250 250 250]
 [250 250 250]
 ...
 [250 250 250]
 [250 250 250]
 [250 250 250]] | [[250 250 250]
 [250 250 250]
 [250 250 250]
 ...
 [250 250 250]
 [250 250 250]
 [250 250 250]] | [[250 250 250]
 [250 250 250]
 [250 250 250]
 ...
 [250 250 250]
 [250 250 250]
 [250 250 250]] | [[250 250 250]
 [250 250 250]
 [250 250 250]
 ...
 [250 250 250]
 [250 250 250]
 [250 250 250]] | [[250 250 250]
 [250 250 250]
 [250 250 250]
 ...
 [250 250 250]
 [250 250 250]
 [250 250 250]] | [[250 250 250]
 [250 250 250]
 [250 250 250]
 ...
 [250 250 250]
 [250 250 250]
 [250 250 250]] | [[250 250 250]
 [250 250 250]
 [250 250 250]
 ...
 [250 250 250]
 [250 250 250]
 [250 250 250]] | [[250 250 250]
 [250 250 250]
 [250 250 250]
 ...
 [250 250 250]
 [250 250 250]
 [250 250 250]] | [[250 250 250]
 [250 250 250]
 [250 250 250]
 ...
 [250 250 250]
 [250 250 250]
 [250 250 250]] | [[250 250 250]
 [250 250 250]
 [250 250 250]
 ...
 [250 250 250]
 [250 250 250]
 [250 250 250]] | [[250 250 250]
 [250 250 250]
 [250 250 250]
 ...
 [250 250 250]
 [250 250 250]
 [250 250 250]] | [[250 250 250]
 [250 250 250]
 [250 250 250]
 ...
 [250 250 250]
 [250 250 250]
 [250 250 250]] | [[250 250 250]
 [250 250 250]
 [250 250 250]
 ...
 [250 250 250]
 [250 250 250]
 [250 250 250]] | [[250 250 250]
 [250 250 250]
 [250 250 250]
 ...
 [250 250 250]
 [250 250 250]
 [250 250 250]] | [[250 250 250]
 [250 250 250]
 [250 250 250]
 ...
 [250 250 250]
 [250 250 250]
 [250 250 250]] | [[250 250 250]
 [250 250 250]
 [250 250 250]
 ...
 [250 250 250]
 [250 250 250]
 [250 250 250]] | [[250 250 250]
 [250 250 250]
 [250 250 250]
 ...
 [250 250 250]
 [250 250 250]
 [250 250 250]] | [[250 250 250]
 [250 250 250]
 [250 250 250]
 ...
 [250 250 250]
 [250 250 250]
 [250 250 250]] | [[250 250 250]
 [250 250 250]
 [250 250 250]
 ...
 [250 250 250]
 [250 250 250]
 [250 250 250]] | [[250 250 250]
 [250 250 250]
 [250 250 250]
 ...
 [250 250 250]
 [250 250 250]
 [250 250 250]] | [[250 250 250]
 [250 250 250]
 [250 250 250]
 ...
 [250 250 250]
 [250 250 250]
 [250 250 250]] | [[250 250 250]
 [250 250 250]
 [250 250 250]
 ...
 [250 250 250]
 [250 250 250]
 [250 250 250]] | [[250 250 250]
 [250 250 250]
 [250 250 250]
 ...
 [250 250 250]
 [250 250 250]
 [250 250 250]] | [[250 250 250]
 [250 250 250]
 [250 250 250]
 ...
 [250 250 250]
 [250 250 250]
 [250 250 250]] | [[250 250 250]
 [250 250 250]
 [250 250 250]
 ...
 [250 250 250]
 [250 250 250]
 [250 250 250]] | [[250 250 250]
 [250 250 250]
 [250 250 250]
 ...
 [250 250 250]
 [250 250 250]
 [250 250 250]] | [[250 250 250]
 [250 250 250]
 [250 250 250]
 ...
 [250 250 250]
 [250 250 250]
 [250 250 250]] | [[250 250 250]
 [250 250 250]
 [250 250 250]
 ...
 [250 250 250]
 [250 250 250]
 [250 250 250]] | [[250 250 250]
 [250 250 250]
 [250 250 250]
 ...
 [250 250 250]
 [250 250 250]
 [250 250 250]] | [[250 250 250]
 [250 250 250]
 [250 250 250]
 ...
 [250 250 250]
 [250 250 250]
 [250 250 250]] | [[250 250 250]
 [250 250 250]
 [250 250 250]
 ...
 [250 250 250]
 [250 250 250]
 [250 250 250]] | [[250 250 250]
 [250 250 250]
 [250 250 250]
 ...
 [250 250 250]
 [250 250 250]
 [250 250 250]] | [[250 250 250]
 [250 250 250]
 [250 250 250]
 ...
 [250 250 250]
 [250 250 250]
 [250 250 250]] | [[250 250 250]
 [250 250 250]
 [250 250 250]
 ...
 [250 250 250]
 [250 250 250]
 [250 250 250]] | [[250 250 250]
 [250 250 250]
 [250 250 250]
 ...
 [250 250 250]
 [250 250 250]
 [250 250 250]] | [[250 250 250]
 [250 250 250]
 [250 250 250]
 ...
 [250 250 250]
 [250 250 250]
 [250 250 250]] | [[250 250 250]
 [250 250 250]
 [250 250 250]
 ...
 [250 250 250]
 [250 250 250]
 [250 250 250]] | [[250 250 250]
 [250 250 250]
 [250 250 250]
 ...
 [250 250 250]
 [250 250 250]
 [250 250 250]] | [[250 250 250]
 [250 250 250]
 [250 250 250]
 ...
 [250 250 250]
 [250 250 250]
 [250 250 250]] | [[250 250 250]
 [250 250 250]
 [250 250 250]
 ...
 [250 250 250]
 [250 250 250]
 [250 250 250]] | [[250 250 250]
 [250 250 250]
 [250 250 250]
 ...
 [250 250 250]
 [250 250 250]
 [250 250 250]] | [[250 250 250]
 [250 250 250]
 [250 250 250]
 ...
 [250 250 250]
 [250 250 250]
 [250 250 250]] | [[250 250 250]
 [250 250 250]
 [250 250 250]
 ...
 [250 250 250]
 [250 250 250]
 [250 250 250]] | [[250 250 250]
 [250 250 250]
 [250 250 250]
 ...
 [250 250 250]
 [250 250 250]
 [250 250 250]] | [[250 250 250]
 [250 250 250]
 [250 250 250]
 ...
 [250 250 250]
 [250 250 250]
 [250 250 250]] | [[250 250 250]
 [250 250 250]
 [250 250 250]
 ...
 [250 250 250]
 [250 250 250]
 [250 250 250]] | [[250 250 250]
 [250 250 250]
 [250 250 250]
 ...
 [250 250 250]
 [250 250 250]
 [250 250 250]] | [[250 250 250]
 [250 250 250]
 [250 250 250]
 ...
 [250 250 250]
 [250 250 250]
 [250 250 250]] | [[250 250 250]
 [250 250 250]
 [250 250 250]
 ...
 [250 250 250]
 [250 250 250]
 [250 250 250]] | [[250 250 250]
 [250 250 250]
 [250 250 250]
 ...
 [250 250 250]
 [250 250 250]
 [250 250 250]] | [[250 250 250]
 [250 250 250]
 [250 250 250]
 ...
 [250 250 250]
 [250 250 250]
 [250 250 250]] | [[250 250 250]
 [250 250 250]
 [250 250 250]
 ...
 [250 250 250]
 [250 250 250]
 [250 250 250]] | [[250 250 250]
 [250 250 250]
 [250 250 250]
 ...
 [250 250 250]
 [250 250 250]
 [250 250 250]] | [[250 250 250]
 [250 250 250]
 [250 250 250]
 ...
 [250 250 250]
 [250 250 250]
 [250 250 250]] | [[250 250 250]
 [250 250 250]
 [250 250 250]
 ...
 [250 250 250]
 [250 250 250]
 [250 250 250]] | [[250 250 250]
 [250 250 250]
 [250 250 250]
 ...
 [250 250 250]
 [250 250 250]
 [250 250 250]] | [[250 250 250]
 [250 250 250]
 [250 250 250]
 ...
 [250 250 250]
 [250 250 250]
 [250 250 250]] | [[250 250 250]
 [250 250 250]
 [250 250 250]
 ...
 [250 250 250]
 [250 250 250]
 [250 250 250]] | [[250 250 250]
 [250 250 250]
 [250 250 250]
 ...
 [250 250 250]
 [250 250 250]
 [250 250 250]] | [[250 250 250]
 [250 250 250]
 [250 250 250]
 ...
 [250 250 250]
 [250 250 250]
 [250 250 250]] | [[250 250 250]
 [250 250 250]
 [250 250 250]
 ...
 [250 250 250]
 [250 250 250]
 [250 250 250]] | [[250 250 250]
 [250 250 250]
 [250 250 250]
 ...
 [250 250 250]
 [250 250 250]
 [250 250 250]] | [[250 250 250]
 [250 250 250]
 [250 250 250]
 ...
 [250 250 250]
 [250 250 250]
 [250 250 250]] | [[250 250 250]
 [250 250 250]
 [250 250 250]
 ...
 [250 250 250]
 [250 250 250]
 [250 250 250]] | [[250 250 250]
 [250 250 250]
 [250 250 250]
 ...
 [250 250 250]
 [250 250 250]
 [250 250 250]] | [[250 250 250]
 [250 250 250]
 [250 250 250]
 ...
 [250 250 250]
 [250 250 250]
 [250 250 250]] | [[250 250 250]
 [250 250 250]
 [250 250 250]
 ...
 [250 250 250]
 [250 250 250]
 [250 250 250]] | [[250 250 250]
 [250 250 250]
 [250 250 250]
 ...
 [250 250 250]
 [250 250 250]
 [250 250 250]] | [[250 250 250]
 [250 250 250]
 [250 250 250]
 ...
 [250 250 250]
 [250 250 250]
 [250 250 250]] | [[250 250 250]
 [250 250 250]
 [250 250 250]
 ...
 [250 250 250]
 [250 250 250]
 [250 250 250]] | [[250 250 250]
 [250 250 250]
 [250 250 250]
 ...
 [250 250 250]
 [250 250 250]
 [250 250 250]] | [[250 250 250]
 [250 250 250]
 [250 250 250]
 ...
 [250 250 250]
 [250 250 250]
 [250 250 250]] | [[250 250 250]
 [250 250 250]
 [250 250 250]
 ...
 [250 250 250]
 [250 250 250]
 [250 250 250]] | [[250 250 250]
 [250 250 250]
 [250 250 250]
 ...
 [250 250 250]
 [250 250 250]
 [250 250 250]] | [[250 250 250]
 [250 250 250]
 [250 250 250]
 ...
 [250 250 250]
 [250 250 250]
 [250 250 250]] | [[250 250 250]
 [250 250 250]
 [250 250 250]
 ...
 [250 250 250]
 [250 250 250]
 [250 250 250]] | [[250 250 250]
 [250 250 250]
 [250 250 250]
 ...
 [250 250 250]
 [250 250 250]
 [250 250 250]] | [[250 250 250]
 [250 250 250]
 [250 250 250]
 ...
 [250 250 250]
 [250 250 250]
 [250 250 250]] | [[250 250 250]
 [250 250 250]
 [250 250 250]
 ...
 [250 250 250]
 [250 250 250]
 [250 250 250]] | [[250 250 250]
 [250 250 250]
 [250 250 250]
 ...
 [250 250 250]
 [250 250 250]
 [250 250 250]] | [[250 250 250]
 [250 250 250]
 [250 250 250]
 ...
 [250 250 250]
 [250 250 250]
 [250 250 250]] | [[250 250 250]
 [250 250 250]
 [250 250 250]
 ...
 [250 250 250]
 [250 250 250]
 [250 250 250]] | [[250 250 250]
 [250 250 250]
 [250 250 250]
 ...
 [250 250 250]
 [250 250 250]
 [250 250 250]] | [[250 250 250]
 [250 250 250]
 [250 250 250]
 ...
 [250 250 250]
 [250 250 250]
 [250 250 250]] | [[250 250 250]
 [250 250 250]
 [250 250 250]
 ...
 [250 250 250]
 [250 250 250]
 [250 250 250]] | [[250 250 250]
 [250 250 250]
 [250 250 250]
 ...
 [250 250 250]
 [250 250 250]
 [250 250 250]] | [[250 250 250]
 [250 250 250]
 [250 250 250]
 ...
 [250 250 250]
 [250 250 250]
 [250 250 250]] | [[250 250 250]
 [250 250 250]
 [250 250 250]
 ...
 [250 250 250]
 [250 250 250]
 [250 250 250]] | [[250 250 250]
 [250 250 250]
 [250 250 250]
 ...
 [250 250 250]
 [250 250 250]
 [250 250 250]] | [[250 250 250]
 [250 250 250]
 [250 250 250]
 ...
 [250 250 250]
 [250 250 250]
 [250 250 250]] | [[250 250 250]
 [250 250 250]
 [250 250 250]
 ...
 [250 250 250]
 [250 250 250]
 [250 250 250]] | [[250 250 250]
 [250 250 250]
 [250 250 250]
 ...
 [250 250 250]
 [250 250 250]
 [250 250 250]] | [[250 250 250]
 [250 250 250]
 [250 250 250]
 ...
 [250 250 250]
 [250 250 250]
 [250 250 250]] | [[250 250 250]
 [250 250 250]
 [250 250 250]
 ...
 [250 250 250]
 [250 250 250]
 [250 250 250]] | [[250 250 250]
 [250 250 250]
 [250 250 250]
 ...
 [250 250 250]
 [250 250 250]
 [250 250 250]] | [[250 250 250]
 [250 250 250]
 [250 250 250]
 ...
 [250 250 250]
 [250 250 250]
 [250 250 250]] | [[250 250 250]
 [250 250 250]
 [250 250 250]
 ...
 [250 250 250]
 [250 250 250]
 [250 250 250]] | [[250 250 250]
 [250 250 250]
 [250 250 250]
 ...
 [250 250 250]
 [250 250 250]
 [250 250 250]] | [[250 250 250]
 [250 250 250]
 [250 250 250]
 ...
 [250 250 250]
 [250 250 250]
 [250 250 250]] | [[250 250 250]
 [250 250 250]
 [250 250 250]
 ...
 [250 250 250]
 [250 250 250]
 [250 250 250]] | [[250 250 250]
 [250 250 250]
 [250 250 250]
 ...
 [250 250 250]
 [250 250 250]
 [250 250 250]] | [[250 250 250]
 [250 250 250]
 [250 250 250]
 ...
 [250 250 250]
 [250 250 250]
 [250 250 250]] | [[250 250 250]
 [250 250 250]
 [250 250 250]
 ...
 [250 250 250]
 [250 250 250]
 [250 250 250]] | [[250 250 250]
 [250 250 250]
 [250 250 250]
 ...
 [250 250 250]
 [250 250 250]
 [250 250 250]] | [[250 250 250]
 [250 250 250]
 [250 250 250]
 ...
 [250 250 250]
 [250 250 250]
 [250 250 250]] | [[250 250 250]
 [250 250 250]
 [250 250 250]
 ...
 [250 250 250]
 [250 250 250]
 [250 250 250]] | [[250 250 250]
 [250 250 250]
 [250 250 250]
 ...
 [250 250 250]
 [250 250 250]
 [250 250 250]] | [[250 250 250]
 [250 250 250]
 [250 250 250]
 ...
 [250 250 250]
 [250 250 250]
 [250 250 250]] | [[250 250 250]
 [250 250 250]
 [250 250 250]
 ...
 [250 250 250]
 [250 250 250]
 [250 250 250]] | [[250 250 250]
 [250 250 250]
 [250 250 250]
 ...
 [250 250 250]
 [250 250 250]
 [250 250 250]] | [[250 250 250]
 [250 250 250]
 [250 250 250]
 ...
 [250 250 250]
 [250 250 250]
 [250 250 250]] | [[250 250 250]
 [250 250 250]
 [250 250 250]
 ...
 [250 250 250]
 [250 250 250]
 [250 250 250]] | [[250 250 250]
 [250 250 250]
 [250 250 250]
 ...
 [250 250 250]
 [250 250 250]
 [250 250 250]] | [[250 250 250]
 [250 250 250]
 [250 250 250]
 ...
 [250 250 250]
 [250 250 250]
 [250 250 250]] | [[250 250 250]
 [250 250 250]
 [250 250 250]
 ...
 [250 250 250]
 [250 250 250]
 [250 250 250]] | [[250 250 250]
 [250 250 250]
 [250 250 250]
 ...
 [250 250 250]
 [250 250 250]
 [250 250 250]] | [[250 250 250]
 [250 250 250]
 [250 250 250]
 ...
 [250 250 250]
 [250 250 250]
 [250 250 250]] | [[250 250 250]
 [250 250 250]
 [250 250 250]
 ...
 [250 250 250]
 [250 250 250]
 [250 250 250]] | [[250 250 250]
 [250 250 250]
 [250 250 250]
 ...
 [250 250 250]
 [250 250 250]
 [250 250 250]] | [[250 250 250]
 [250 250 250]
 [250 250 250]
 ...
 [250 250 250]
 [250 250 250]
 [250 250 250]] | [[250 250 250]
 [250 250 250]
 [250 250 250]
 ...
 [250 250 250]
 [250 250 250]
 [250 250 250]] | [[250 250 250]
 [250 250 250]
 [250 250 250]
 ...
 [250 250 250]
 [250 250 250]
 [250 250 250]] | [[250 250 250]
 [250 250 250]
 [250 250 250]
 ...
 [250 250 250]
 [250 250 250]
 [250 250 250]] | [[250 250 250]
 [250 250 250]
 [250 250 250]
 ...
 [250 250 250]
 [250 250 250]
 [250 250 250]] | [[250 250 250]
 [250 250 250]
 [250 250 250]
 ...
 [250 250 250]
 [250 250 250]
 [250 250 250]] | [[250 250 250]
 [250 250 250]
 [250 250 250]
 ...
 [250 250 250]
 [250 250 250]
 [250 250 250]] | [[250 250 250]
 [250 250 250]
 [250 250 250]
 ...
 [250 250 250]
 [250 250 250]
 [250 250 250]] | [[250 250 250]
 [250 250 250]
 [250 250 250]
 ...
 [250 250 250]
 [250 250 250]
 [250 250 250]] | [[250 250 250]
 [250 250 250]
 [250 250 250]
 ...
 [250 250 250]
 [250 250 250]
 [250 250 250]] | [[250 250 250]
 [250 250 250]
 [250 250 250]
 ...
 [250 250 250]
 [250 250 250]
 [250 250 250]] | [[250 250 250]
 [250 250 250]
 [250 250 250]
 ...
 [250 250 250]
 [250 250 250]
 [250 250 250]] | [[250 250 250]
 [250 250 250]
 [250 250 250]
 ...
 [250 250 250]
 [250 250 250]
 [250 250 250]] | [[250 250 250]
 [250 250 250]
 [250 250 250]
 ...
 [250 250 250]
 [250 250 250]
 [250 250 250]] | [[250 250 250]
 [250 250 250]
 [250 250 250]
 ...
 [250 250 250]
 [250 250 250]
 [250 250 250]] | [[250 250 250]
 [250 250 250]
 [250 250 250]
 ...
 [250 250 250]
 [250 250 250]
 [250 250 250]] | [[250 250 250]
 [250 250 250]
 [250 250 250]
 ...
 [250 250 250]
 [250 250 250]
 [250 250 250]] | [[250 250 250]
 [250 250 250]
 [250 250 250]
 ...
 [250 250 250]
 [250 250 250]
 [250 250 250]] | [[250 250 250]
 [250 250 250]
 [250 250 250]
 ...
 [250 250 250]
 [250 250 250]
 [250 250 250]] | [[250 250 250]
 [250 250 250]
 [250 250 250]
 ...
 [250 250 250]
 [250 250 250]
 [250 250 250]] | [[250 250 250]
 [250 250 250]
 [250 250 250]
 ...
 [250 250 250]
 [250 250 250]
 [250 250 250]] | [[250 250 250]
 [250 250 250]
 [250 250 250]
 ...
 [250 250 250]
 [250 250 250]
 [250 250 250]] | [[250 250 250]
 [250 250 250]
 [250 250 250]
 ...
 [250 250 250]
 [250 250 250]
 [250 250 250]] | [[250 250 250]
 [250 250 250]
 [250 250 250]
 ...
 [250 250 250]
 [250 250 250]
 [250 250 250]] | [[250 250 250]
 [250 250 250]
 [250 250 250]
 ...
 [250 250 250]
 [250 250 250]
 [250 250 250]] | [[250 250 250]
 [250 250 250]
 [250 250 250]
 ...
 [250 250 250]
 [250 250 250]
 [250 250 250]] | [[250 250 250]
 [250 250 250]
 [250 250 250]
 ...
 [250 250 250]
 [250 250 250]
 [250 250 250]] | [[250 250 250]
 [250 250 250]
 [250 250 250]
 ...
 [250 250 250]
 [250 250 250]
 [250 250 250]] | [[250 250 250]
 [250 250 250]
 [250 250 250]
 ...
 [250 250 250]
 [250 250 250]
 [250 250 250]] | [[250 250 250]
 [250 250 250]
 [250 250 250]
 ...
 [250 250 250]
 [250 250 250]
 [250 250 250]] | [[250 250 250]
 [250 250 250]
 [250 250 250]
 ...
 [250 250 250]
 [250 250 250]
 [250 250 250]] | [[250 250 250]
 [250 250 250]
 [250 250 250]
 ...
 [250 250 250]
 [250 250 250]
 [250 250 250]] | [[250 250 250]
 [250 250 250]
 [250 250 250]
 ...
 [250 250 250]
 [250 250 250]
 [250 250 250]] | [[250 250 250]
 [250 250 250]
 [250 250 250]
 ...
 [250 250 250]
 [250 250 250]
 [250 250 250]] | [[250 250 250]
 [250 250 250]
 [250 250 250]
 ...
 [250 250 250]
 [250 250 250]
 [250 250 250]] | [[250 250 250]
 [250 250 250]
 [250 250 250]
 ...
 [250 250 250]
 [250 250 250]
 [250 250 250]] | [[250 250 250]
 [250 250 250]
 [250 250 250]
 ...
 [250 250 250]
 [250 250 250]
 [250 250 250]] | [[250 250 250]
 [250 250 250]
 [250 250 250]
 ...
 [250 250 250]
 [250 250 250]
 [250 250 250]] | [[250 250 250]
 [250 250 250]
 [250 250 250]
 ...
 [250 250 250]
 [250 250 250]
 [250 250 250]] | [[250 250 250]
 [250 250 250]
 [250 250 250]
 ...
 [250 250 250]
 [250 250 250]
 [250 250 250]] | [[250 250 250]
 [250 250 250]
 [250 250 250]
 ...
 [250 250 250]
 [250 250 250]
 [250 250 250]] | [[250 250 250]
 [250 250 250]
 [250 250 250]
 ...
 [250 250 250]
 [250 250 250]
 [250 250 250]] | [[250 250 250]
 [250 250 250]
 [250 250 250]
 ...
 [250 250 250]
 [250 250 250]
 [250 250 250]] | [[250 250 250]
 [250 250 250]
 [250 250 250]
 ...
 [250 250 250]
 [250 250 250]
 [250 250 250]] | [[250 250 250]
 [250 250 250]
 [250 250 250]
 ...
 [250 250 250]
 [250 250 250]
 [250 250 250]] | [[250 250 250]
 [250 250 250]
 [250 250 250]
 ...
 [250 250 250]
 [250 250 250]
 [250 250 250]] | [[250 250 250]
 [250 250 250]
 [250 250 250]
 ...
 [250 250 250]
 [250 250 250]
 [250 250 250]] | [[250 250 250]
 [250 250 250]
 [250 250 250]
 ...
 [250 250 250]
 [250 250 250]
 [250 250 250]] | [[250 250 250]
 [250 250 250]
 [250 250 250]
 ...
 [250 250 250]
 [250 250 250]
 [250 250 250]] | [[250 250 250]
 [250 250 250]
 [250 250 250]
 ...
 [250 250 250]
 [250 250 250]
 [250 250 250]] | [[250 250 250]
 [250 250 250]
 [250 250 250]
 ...
 [250 250 250]
 [250 250 250]
 [250 250 250]] | [[250 250 250]
 [250 250 250]
 [250 250 250]
 ...
 [250 250 250]
 [250 250 250]
 [250 250 250]] | [[250 250 250]
 [250 250 250]
 [250 250 250]
 ...
 [250 250 250]
 [250 250 250]
 [250 250 250]] | [[250 250 250]
 [250 250 250]
 [250 250 250]
 ...
 [250 250 250]
 [250 250 250]
 [250 250 250]] | [[250 250 250]
 [250 250 250]
 [250 250 250]
 ...
 [250 250 250]
 [250 250 250]
 [250 250 250]] | [[250 250 250]
 [250 250 250]
 [250 250 250]
 ...
 [250 250 250]
 [250 250 250]
 [250 250 250]] | [[250 250 250]
 [250 250 250]
 [250 250 250]
 ...
 [250 250 250]
 [250 250 250]
 [250 250 250]] | [[250 250 250]
 [250 250 250]
 [250 250 250]
 ...
 [250 250 250]
 [250 250 250]
 [250 250 250]] | [[250 250 250]
 [250 250 250]
 [250 250 250]
 ...
 [250 250 250]
 [250 250 250]
 [250 250 250]] | [[250 250 250]
 [250 250 250]
 [250 250 250]
 ...
 [250 250 250]
 [250 250 250]
 [250 250 250]] | [[250 250 250]
 [250 250 250]
 [250 250 250]
 ...
 [250 250 250]
 [250 250 250]
 [250 250 250]] | [[250 250 250]
 [250 250 250]
 [250 250 250]
 ...
 [250 250 250]
 [250 250 250]
 [250 250 250]] | [[250 250 250]
 [250 250 250]
 [250 250 250]
 ...
 [250 250 250]
 [250 250 250]
 [250 250 250]] | [[250 250 250]
 [250 250 250]
 [250 250 250]
 ...
 [250 250 250]
 [250 250 250]
 [250 250 250]] | [[250 250 250]
 [250 250 250]
 [250 250 250]
 ...
 [250 250 250]
 [250 250 250]
 [250 250 250]] | [[250 250 250]
 [250 250 250]
 [250 250 250]
 ...
 [250 250 250]
 [250 250 250]
 [250 250 250]] | [[250 250 250]
 [250 250 250]
 [250 250 250]
 ...
 [250 250 250]
 [250 250 250]
 [250 250 250]] | [[250 250 250]
 [250 250 250]
 [250 250 250]
 ...
 [250 250 250]
 [250 250 250]
 [250 250 250]] | [[250 250 250]
 [250 250 250]
 [250 250 250]
 ...
 [250 250 250]
 [250 250 250]
 [250 250 250]] | [[250 250 250]
 [250 250 250]
 [250 250 250]
 ...
 [250 250 250]
 [250 250 250]
 [250 250 250]] | [[250 250 250]
 [250 250 250]
 [250 250 250]
 ...
 [250 250 250]
 [250 250 250]
 [250 250 250]] | [[250 250 250]
 [250 250 250]
 [250 250 250]
 ...
 [250 250 250]
 [250 250 250]
 [250 250 250]] | [[250 250 250]
 [250 250 250]
 [250 250 250]
 ...
 [250 250 250]
 [250 250 250]
 [250 250 250]] | [[250 250 250]
 [250 250 250]
 [250 250 250]
 ...
 [250 250 250]
 [250 250 250]
 [250 250 250]] | [[250 250 250]
 [250 250 250]
 [250 250 250]
 ...
 [250 250 250]
 [250 250 250]
 [250 250 250]] | [[250 250 250]
 [250 250 250]
 [250 250 250]
 ...
 [250 250 250]
 [250 250 250]
 [250 250 250]] | [[250 250 250]
 [250 250 250]
 [250 250 250]
 ...
 [250 250 250]
 [250 250 250]
 [250 250 250]] | [[250 250 250]
 [250 250 250]
 [250 250 250]
 ...
 [250 250 250]
 [250 250 250]
 [250 250 250]] | [[250 250 250]
 [250 250 250]
 [250 250 250]
 ...
 [250 250 250]
 [250 250 250]
 [250 250 250]] | [[250 250 250]
 [250 250 250]
 [250 250 250]
 ...
 [250 250 250]
 [250 250 250]
 [250 250 250]] | [[250 250 250]
 [250 250 250]
 [250 250 250]
 ...
 [250 250 250]
 [250 250 250]
 [250 250 250]] | [[250 250 250]
 [250 250 250]
 [250 250 250]
 ...
 [250 250 250]
 [250 250 250]
 [250 250 250]] | [[250 250 250]
 [250 250 250]
 [250 250 250]
 ...
 [250 250 250]
 [250 250 250]
 [250 250 250]] | [[250 250 250]
 [250 250 250]
 [250 250 250]
 ...
 [250 250 250]
 [250 250 250]
 [250 250 250]] | [[250 250 250]
 [250 250 250]
 [250 250 250]
 ...
 [250 250 250]
 [250 250 250]
 [250 250 250]] | [[250 250 250]
 [250 250 250]
 [250 250 250]
 ...
 [250 250 250]
 [250 250 250]
 [250 250 250]] | [[250 250 250]
 [250 250 250]
 [250 250 250]
 ...
 [250 250 250]
 [250 250 250]
 [250 250 250]] | [[250 250 250]
 [250 250 250]
 [250 250 250]
 ...
 [250 250 250]
 [250 250 250]
 [250 250 250]] | [[250 250 250]
 [250 250 250]
 [250 250 250]
 ...
 [250 250 250]
 [250 250 250]
 [250 250 250]] | [[250 250 250]
 [250 250 250]
 [250 250 250]
 ...
 [250 250 250]
 [250 250 250]
 [250 250 250]] | [[250 250 250]
 [250 250 250]
 [250 250 250]
 ...
 [250 250 250]
 [250 250 250]
 [250 250 250]] | [[250 250 250]
 [250 250 250]
 [250 250 250]
 ...
 [250 250 250]
 [250 250 250]
 [250 250 250]] | [[250 250 250]
 [250 250 250]
 [250 250 250]
 ...
 [250 250 250]
 [250 250 250]
 [250 250 250]] | [[250 250 250]
 [250 250 250]
 [250 250 250]
 ...
 [250 250 250]
 [250 250 250]
 [250 250 250]] | [[250 250 250]
 [250 250 250]
 [250 250 250]
 ...
 [250 250 250]
 [250 250 250]
 [250 250 250]] | [[250 250 250]
 [250 250 250]
 [250 250 250]
 ...
 [250 250 250]
 [250 250 250]
 [250 250 250]] | [[250 250 250]
 [250 250 250]
 [250 250 250]
 ...
 [250 250 250]
 [250 250 250]
 [250 250 250]] | [[250 250 250]
 [250 250 250]
 [250 250 250]
 ...
 [250 250 250]
 [250 250 250]
 [250 250 250]] | [[250 250 250]
 [250 250 250]
 [250 250 250]
 ...
 [250 250 250]
 [250 250 250]
 [250 250 250]] | [[250 250 250]
 [250 250 250]
 [250 250 250]
 ...
 [250 250 250]
 [250 250 250]
 [250 250 250]] | [[250 250 250]
 [250 250 250]
 [250 250 250]
 ...
 [250 250 250]
 [250 250 250]
 [250 250 250]] | [[250 250 250]
 [250 250 250]
 [250 250 250]
 ...
 [250 250 250]
 [250 250 250]
 [250 250 250]] | [[250 250 250]
 [250 250 250]
 [250 250 250]
 ...
 [250 250 250]
 [250 250 250]
 [250 250 250]] | [[250 250 250]
 [250 250 250]
 [250 250 250]
 ...
 [250 250 250]
 [250 250 250]
 [250 250 250]] | [[250 250 250]
 [250 250 250]
 [250 250 250]
 ...
 [250 250 250]
 [250 250 250]
 [250 250 250]] | [[250 250 250]
 [250 250 250]
 [250 250 250]
 ...
 [250 250 250]
 [250 250 250]
 [250 250 250]] | [[250 250 250]
 [250 250 250]
 [250 250 250]
 ...
 [250 250 250]
 [250 250 250]
 [250 250 250]] | [[250 250 250]
 [250 250 250]
 [250 250 250]
 ...
 [250 250 250]
 [250 250 250]
 [250 250 250]] | [[250 250 250]
 [250 250 250]
 [250 250 250]
 ...
 [250 250 250]
 [250 250 250]
 [250 250 250]] | [[250 250 250]
 [250 250 250]
 [250 250 250]
 ...
 [250 250 250]
 [250 250 250]
 [250 250 250]] | [[250 250 250]
 [250 250 250]
 [250 250 250]
 ...
 [250 250 250]
 [250 250 250]
 [250 250 250]] | [[250 250 250]
 [250 250 250]
 [250 250 250]
 ...
 [250 250 250]
 [250 250 250]
 [250 250 250]] | [[250 250 250]
 [250 250 250]
 [250 250 250]
 ...
 [250 250 250]
 [250 250 250]
 [250 250 250]] | [[250 250 250]
 [250 250 250]
 [250 250 250]
 ...
 [250 250 250]
 [250 250 250]
 [250 250 250]] | [[250 250 250]
 [250 250 250]
 [250 250 250]
 ...
 [250 250 250]
 [250 250 250]
 [250 250 250]] | [[250 250 250]
 [250 250 250]
 [250 250 250]
 ...
 [250 250 250]
 [250 250 250]
 [250 250 250]] | [[250 250 250]
 [250 250 250]
 [250 250 250]
 ...
 [250 250 250]
 [250 250 250]
 [250 250 250]] | [[250 250 250]
 [250 250 250]
 [250 250 250]
 ...
 [250 250 250]
 [250 250 250]
 [250 250 250]] | [[250 250 250]
 [250 250 250]
 [250 250 250]
 ...
 [250 250 250]
 [250 250 250]
 [250 250 250]] | [[250 250 250]
 [250 250 250]
 [250 250 250]
 ...
 [250 250 250]
 [250 250 250]
 [250 250 250]] | [[250 250 250]
 [250 250 250]
 [250 250 250]
 ...
 [250 250 250]
 [250 250 250]
 [250 250 250]] | [[250 250 250]
 [250 250 250]
 [250 250 250]
 ...
 [250 250 250]
 [250 250 250]
 [250 250 250]] | [[250 250 250]
 [250 250 250]
 [250 250 250]
 ...
 [250 250 250]
 [250 250 250]
 [250 250 250]] | [[250 250 250]
 [250 250 250]
 [250 250 250]
 ...
 [250 250 250]
 [250 250 250]
 [250 250 250]] | [[250 250 250]
 [250 250 250]
 [250 250 250]
 ...
 [250 250 250]
 [250 250 250]
 [250 250 250]] | [[250 250 250]
 [250 250 250]
 [250 250 250]
 ...
 [250 250 250]
 [250 250 250]
 [250 250 250]] | [[250 250 250]
 [250 250 250]
 [250 250 250]
 ...
 [250 250 250]
 [250 250 250]
 [250 250 250]] | [[250 250 250]
 [250 250 250]
 [250 250 250]
 ...
 [250 250 250]
 [250 250 250]
 [250 250 250]] | [[250 250 250]
 [250 250 250]
 [250 250 250]
 ...
 [250 250 250]
 [250 250 250]
 [250 250 250]] | [[250 250 250]
 [250 250 250]
 [250 250 250]
 ...
 [250 250 250]
 [250 250 250]
 [250 250 250]] | [[250 250 250]
 [250 250 250]
 [250 250 250]
 ...
 [250 250 250]
 [250 250 250]
 [250 250 250]] | [[250 250 250]
 [250 250 250]
 [250 250 250]
 ...
 [250 250 250]
 [250 250 250]
 [250 250 250]] | [[250 250 250]
 [250 250 250]
 [250 250 250]
 ...
 [250 250 250]
 [250 250 250]
 [250 250 250]] | [[250 250 250]
 [250 250 250]
 [250 250 250]
 ...
 [250 250 250]
 [250 250 250]
 [250 250 250]] | [[250 250 250]
 [250 250 250]
 [250 250 250]
 ...
 [250 250 250]
 [250 250 250]
 [250 250 250]] | [[250 250 250]
 [250 250 250]
 [250 250 250]
 ...
 [250 250 250]
 [250 250 250]
 [250 250 250]] | [[250 250 250]
 [250 250 250]
 [250 250 250]
 ...
 [250 250 250]
 [250 250 250]
 [250 250 250]] | [[250 250 250]
 [250 250 250]
 [250 250 250]
 ...
 [250 250 250]
 [250 250 250]
 [250 250 250]] | [[250 250 250]
 [250 250 250]
 [250 250 250]
 ...
 [250 250 250]
 [250 250 250]
 [250 250 250]] | [[250 250 250]
 [250 250 250]
 [250 250 250]
 ...
 [250 250 250]
 [250 250 250]
 [250 250 250]] | [[250 250 250]
 [250 250 250]
 [250 250 250]
 ...
 [250 250 250]
 [250 250 250]
 [250 250 250]] | [[250 250 250]
 [250 250 250]
 [250 250 250]
 ...
 [250 250 250]
 [250 250 250]
 [250 250 250]] | [[250 250 250]
 [250 250 250]
 [250 250 250]
 ...
 [250 250 250]
 [250 250 250]
 [250 250 250]] | [[250 250 250]
 [250 250 250]
 [250 250 250]
 ...
 [250 250 250]
 [250 250 250]
 [250 250 250]] | [[250 250 250]
 [250 250 250]
 [250 250 250]
 ...
 [250 250 250]
 [250 250 250]
 [250 250 250]] | [[250 250 250]
 [250 250 250]
 [250 250 250]
 ...
 [250 250 250]
 [250 250 250]
 [250 250 250]] | [[250 250 250]
 [250 250 250]
 [250 250 250]
 ...
 [250 250 250]
 [250 250 250]
 [250 250 250]] | [[250 250 250]
 [250 250 250]
 [250 250 250]
 ...
 [250 250 250]
 [250 250 250]
 [250 250 250]] | [[250 250 250]
 [250 250 250]
 [250 250 250]
 ...
 [250 250 250]
 [250 250 250]
 [250 250 250]] | [[250 250 250]
 [250 250 250]
 [250 250 250]
 ...
 [250 250 250]
 [250 250 250]
 [250 250 250]] | [[250 250 250]
 [250 250 250]
 [250 250 250]
 ...
 [250 250 250]
 [250 250 250]
 [250 250 250]] | [[250 250 250]
 [250 250 250]
 [250 250 250]
 ...
 [250 250 250]
 [250 250 250]
 [250 250 250]] | [[250 250 250]
 [250 250 250]
 [250 250 250]
 ...
 [250 250 250]
 [250 250 250]
 [250 250 250]] | [[250 250 250]
 [250 250 250]
 [250 250 250]
 ...
 [250 250 250]
 [250 250 250]
 [250 250 250]] | [[250 250 250]
 [250 250 250]
 [250 250 250]
 ...
 [250 250 250]
 [250 250 250]
 [250 250 250]] | [[250 250 250]
 [250 250 250]
 [250 250 250]
 ...
 [250 250 250]
 [250 250 250]
 [250 250 250]] | [[250 250 250]
 [250 250 250]
 [250 250 250]
 ...
 [250 250 250]
 [250 250 250]
 [250 250 250]] | [[250 250 250]
 [250 250 250]
 [250 250 250]
 ...
 [250 250 250]
 [250 250 250]
 [250 250 250]] | [[250 250 250]
 [250 250 250]
 [250 250 250]
 ...
 [250 250 250]
 [250 250 250]
 [250 250 250]] | [[250 250 250]
 [250 250 250]
 [250 250 250]
 ...
 [250 250 250]
 [250 250 250]
 [250 250 250]] | [[250 250 250]
 [250 250 250]
 [250 250 250]
 ...
 [250 250 250]
 [250 250 250]
 [250 250 250]] | [[250 250 250]
 [250 250 250]
 [250 250 250]
 ...
 [250 250 250]
 [250 250 250]
 [250 250 250]] | [[250 250 250]
 [250 250 250]
 [250 250 250]
 ...
 [250 250 250]
 [250 250 250]
 [250 250 250]] | [[250 250 250]
 [250 250 250]
 [250 250 250]
 ...
 [250 250 250]
 [250 250 250]
 [250 250 250]] | [[250 250 250]
 [250 250 250]
 [250 250 250]
 ...
 [250 250 250]
 [250 250 250]
 [250 250 250]] | [[250 250 250]
 [250 250 250]
 [250 250 250]
 ...
 [250 250 250]
 [250 250 250]
 [250 250 250]] | [[250 250 250]
 [250 250 250]
 [250 250 250]
 ...
 [250 250 250]
 [250 250 250]
 [250 250 250]] | [[250 250 250]
 [250 250 250]
 [250 250 250]
 ...
 [250 250 250]
 [250 250 250]
 [250 250 250]] | [[250 250 250]
 [250 250 250]
 [250 250 250]
 ...
 [250 250 250]
 [250 250 250]
 [250 250 250]] | [[250 250 250]
 [250 250 250]
 [250 250 250]
 ...
 [250 250 250]
 [250 250 250]
 [250 250 250]] | [[250 250 250]
 [250 250 250]
 [250 250 250]
 ...
 [250 250 250]
 [250 250 250]
 [250 250 250]] | [[250 250 250]
 [250 250 250]
 [250 250 250]
 ...
 [250 250 250]
 [250 250 250]
 [250 250 250]] | [[250 250 250]
 [250 250 250]
 [250 250 250]
 ...
 [250 250 250]
 [250 250 250]
 [250 250 250]] | [[250 250 250]
 [250 250 250]
 [250 250 250]
 ...
 [250 250 250]
 [250 250 250]
 [250 250 250]] | [[250 250 250]
 [250 250 250]
 [250 250 250]
 ...
 [250 250 250]
 [250 250 250]
 [250 250 250]] | [[250 250 250]
 [250 250 250]
 [250 250 250]
 ...
 [250 250 250]
 [250 250 250]
 [250 250 250]] | [[250 250 250]
 [250 250 250]
 [250 250 250]
 ...
 [250 250 250]
 [250 250 250]
 [250 250 250]] | [[250 250 250]
 [250 250 250]
 [250 250 250]
 ...
 [250 250 250]
 [250 250 250]
 [250 250 250]] | [[250 250 250]
 [250 250 250]
 [250 250 250]
 ...
 [250 250 250]
 [250 250 250]
 [250 250 250]] | [[250 250 250]
 [250 250 250]
 [250 250 250]
 ...
 [250 250 250]
 [250 250 250]
 [250 250 250]] | [[250 250 250]
 [250 250 250]
 [250 250 250]
 ...
 [250 250 250]
 [250 250 250]
 [250 250 250]] | [[250 250 250]
 [250 250 250]
 [250 250 250]
 ...
 [250 250 250]
 [250 250 250]
 [250 250 250]] | [[250 250 250]
 [250 250 250]
 [250 250 250]
 ...
 [250 250 250]
 [250 250 250]
 [250 250 250]] | [[250 250 250]
 [250 250 250]
[...]
 ...
 [255 255 255]
 [255 255 255]
 [255 255 255]] | [[255 255 255]
 [255 255 255]
 [255 255 255]
 ...
 [255 255 255]
 [255 255 255]
 [255 255 255]] | [[255 255 255]
 [255 255 255]
 [255 255 255]
 ...
 [255 255 255]
 [255 255 255]
 [255 255 255]] | [[255 255 255]
 [255 255 255]
 [255 255 255]
 ...
 [255 255 255]
 [255 255 255]
 [255 255 255]] | [[255 255 255]
 [255 255 255]
 [255 255 255]
 ...
 [255 255 255]
 [255 255 255]
 [255 255 255]] | [[255 255 255]
 [255 255 255]
 [255 255 255]
 ...
 [255 255 255]
 [255 255 255]
 [255 255 255]] | [[255 255 255]
 [255 255 255]
 [255 255 255]
 ...
 [255 255 255]
 [255 255 255]
 [255 255 255]] | [[255 255 255]
 [255 255 255]
 [255 255 255]
 ...
 [255 255 255]
 [255 255 255]
 [255 255 255]] | [[255 255 255]
 [255 255 255]
 [255 255 255]
 ...
 [255 255 255]
 [255 255 255]
 [255 255 255]] | [[255 255 255]
 [255 255 255]
 [255 255 255]
 ...
 [255 255 255]
 [255 255 255]
 [255 255 255]] | [[255 255 255]
 [255 255 255]
 [255 255 255]
 ...
 [255 255 255]
 [255 255 255]
 [255 255 255]] | [[255 255 255]
 [255 255 255]
 [255 255 255]
 ...
 [255 255 255]
 [255 255 255]
 [255 255 255]] | [[255 255 255]
 [255 255 255]
 [255 255 255]
 ...
 [255 255 255]
 [255 255 255]
 [255 255 255]] | [[255 255 255]
 [255 255 255]
 [255 255 255]
 ...
 [255 255 255]
 [255 255 255]
 [255 255 255]] | [[255 255 255]
 [255 255 255]
 [255 255 255]
 ...
 [255 255 255]
 [255 255 255]
 [255 255 255]] | [[255 255 255]
 [255 255 255]
 [255 255 255]
 ...
 [255 255 255]
 [255 255 255]
 [255 255 255]] | [[255 255 255]
 [255 255 255]
 [255 255 255]
 ...
 [255 255 255]
 [255 255 255]
 [255 255 255]] | [[255 255 255]
 [255 255 255]
 [255 255 255]
 ...
 [255 255 255]
 [255 255 255]
 [255 255 255]] | [[255 255 255]
 [255 255 255]
 [255 255 255]
 ...
 [255 255 255]
 [255 255 255]
 [255 255 255]] | [[255 255 255]
 [255 255 255]
 [255 255 255]
 ...
 [255 255 255]
 [255 255 255]
 [255 255 255]] | [[255 255 255]
 [255 255 255]
 [255 255 255]
 ...
 [255 255 255]
 [255 255 255]
 [255 255 255]] | [[255 255 255]
 [255 255 255]
 [255 255 255]
 ...
 [255 255 255]
 [255 255 255]
 [255 255 255]] | [[255 255 255]
 [255 255 255]
 [255 255 255]
 ...
 [255 255 255]
 [255 255 255]
 [255 255 255]] | [[255 255 255]
 [255 255 255]
 [255 255 255]
 ...
 [255 255 255]
 [255 255 255]
 [255 255 255]] | [[255 255 255]
 [255 255 255]
 [255 255 255]
 ...
 [255 255 255]
 [255 255 255]
 [255 255 255]] | [[255 255 255]
 [255 255 255]
 [255 255 255]
 ...
 [255 255 255]
 [255 255 255]
 [255 255 255]] | [[255 255 255]
 [255 255 255]
 [255 255 255]
 ...
 [255 255 255]
 [255 255 255]
 [255 255 255]] | [[255 255 255]
 [255 255 255]
 [255 255 255]
 ...
 [255 255 255]
 [255 255 255]
 [255 255 255]] | [[255 255 255]
 [255 255 255]
 [255 255 255]
 ...
 [255 255 255]
 [255 255 255]
 [255 255 255]] | [[255 255 255]
 [255 255 255]
 [255 255 255]
 ...
 [255 255 255]
 [255 255 255]
 [255 255 255]] | [[255 255 255]
 [255 255 255]
 [255 255 255]
 ...
 [255 255 255]
 [255 255 255]
 [255 255 255]] | [[255 255 255]
 [255 255 255]
 [255 255 255]
 ...
 [255 255 255]
 [255 255 255]
 [255 255 255]] | [[255 255 255]
 [255 255 255]
 [255 255 255]
 ...
 [255 255 255]
 [255 255 255]
 [255 255 255]] | [[255 255 255]
 [255 255 255]
 [255 255 255]
 ...
 [255 255 255]
 [255 255 255]
 [255 255 255]] | [[255 255 255]
 [255 255 255]
 [255 255 255]
 ...
 [255 255 255]
 [255 255 255]
 [255 255 255]] | [[255 255 255]
 [255 255 255]
 [255 255 255]
 ...
 [255 255 255]
 [255 255 255]
 [255 255 255]] | [[255 255 255]
 [255 255 255]
 [255 255 255]
 ...
 [255 255 255]
 [255 255 255]
 [255 255 255]] | [[255 255 255]
 [255 255 255]
 [255 255 255]
 ...
 [255 255 255]
 [255 255 255]
 [255 255 255]] | [[255 255 255]
 [255 255 255]
 [255 255 255]
 ...
 [255 255 255]
 [255 255 255]
 [255 255 255]] | [[239 239 239]
 [239 239 239]
 [239 239 239]
 ...
 [239 239 239]
 [239 239 239]
 [239 239 239]] | [[175 175 175]
 [175 175 175]
 [175 175 175]
 ...
 [175 175 175]
 [175 175 175]
 [175 175 175]] | [[80 80 80]
 [80 80 80]
 [80 80 80]
 ...
 [80 80 80]
 [80 80 80]
 [80 80 80]] | [[16 16 16]
 [16 16 16]
 [16 16 16]
 ...
 [16 16 16]
 [16 16 16]
 [16 16 16]] | [[0 0 0]
 [0 0 0]
 [0 0 0]
 ...
 [0 0 0]
 [0 0 0]
 [0 0 0]] | [[0 0 0]
 [0 0 0]
 [0 0 0]
 ...
 [0 0 0]
 [0 0 0]
 [0 0 0]] | [[0 0 0]
 [0 0 0]
 [0 0 0]
 ...
 [0 0 0]
 [0 0 0]
 [0 0 0]] | [[0 0 0]
 [0 0 0]
 [0 0 0]
 ...
 [0 0 0]
 [0 0 0]
 [0 0 0]] | [[0 0 0]
 [0 0 0]
 [0 0 0]
 ...
 [0 0 0]
 [0 0 0]
 [0 0 0]] | [[0 0 0]
 [0 0 0]
 [0 0 0]
 ...
 [0 0 0]
 [0 0 0]
 [0 0 0]] | [[0 0 0]
 [0 0 0]
 [0 0 0]
 ...
 [0 0 0]
 [0 0 0]
 [0 0 0]] | [[0 0 0]
 [0 0 0]
 [0 0 0]
 ...
 [0 0 0]
 [0 0 0]
 [0 0 0]] | [[0 0 0]
 [0 0 0]
 [0 0 0]
 ...
 [0 0 0]
 [0 0 0]
 [0 0 0]] | [[0 0 0]
 [0 0 0]
 [0 0 0]
 ...
 [0 0 0]
 [0 0 0]
 [0 0 0]] | [[0 0 0]
 [0 0 0]
 [0 0 0]
 ...
 [0 0 0]
 [0 0 0]
 [0 0 0]] | [[0 0 0]
 [0 0 0]
 [0 0 0]
 ...
 [0 0 0]
 [0 0 0]
 [0 0 0]] | [[0 0 0]
 [0 0 0]
 [0 0 0]
 ...
 [0 0 0]
 [0 0 0]
 [0 0 0]] | [[0 0 0]
 [0 0 0]
 [0 0 0]
 ...
 [0 0 0]
 [0 0 0]
 [0 0 0]] | [[0 0 0]
 [0 0 0]
 [0 0 0]
 ...
 [0 0 0]
 [0 0 0]
 [0 0 0]] | [[0 0 0]
 [0 0 0]
 [0 0 0]
 ...
 [0 0 0]
 [0 0 0]
 [0 0 0]] | [[0 0 0]
 [0 0 0]
 [0 0 0]
 ...
 [0 0 0]
 [0 0 0]
 [0 0 0]] | [[0 0 0]
 [0 0 0]
 [0 0 0]
 ...
 [0 0 0]
 [0 0 0]
 [0 0 0]] | [[0 0 0]
 [0 0 0]
 [0 0 0]
 ...
 [0 0 0]
 [0 0 0]
 [0 0 0]] | [[0 0 0]
 [0 0 0]
 [0 0 0]
 ...
 [0 0 0]
 [0 0 0]
 [0 0 0]] | [[0 0 0]
 [0 0 0]
 [0 0 0]
 ...
 [0 0 0]
 [0 0 0]
 [0 0 0]] | [[0 0 0]
 [0 0 0]
 [0 0 0]
 ...
 [0 0 0]
 [0 0 0]
 [0 0 0]] | [[0 0 0]
 [0 0 0]
 [0 0 0]
 ...
 [0 0 0]
 [0 0 0]
 [0 0 0]] | [[0 0 0]
 [0 0 0]
 [0 0 0]
 ...
 [0 0 0]
 [0 0 0]
 [0 0 0]] | [[0 0 0]
 [0 0 0]
 [0 0 0]
 ...
 [0 0 0]
 [0 0 0]
 [0 0 0]] | [[0 0 0]
 [0 0 0]
 [0 0 0]
 ...
 [0 0 0]
 [0 0 0]
 [0 0 0]] | [[0 0 0]
 [0 0 0]
 [0 0 0]
 ...
 [0 0 0]
 [0 0 0]
 [0 0 0]] | [[0 0 0]
 [0 0 0]
 [0 0 0]
 ...
 [0 0 0]
 [0 0 0]
 [0 0 0]] | [[0 0 0]
 [0 0 0]
 [0 0 0]
 ...
 [0 0 0]
 [0 0 0]
 [0 0 0]] | [[0 0 0]
 [0 0 0]
 [0 0 0]
 ...
 [0 0 0]
 [0 0 0]
 [0 0 0]] | [[0 0 0]
 [0 0 0]
 [0 0 0]
 ...
 [0 0 0]
 [0 0 0]
 [0 0 0]] | [[0 0 0]
 [0 0 0]
 [0 0 0]
 ...
 [0 0 0]
 [0 0 0]
 [0 0 0]] | [[0 0 0]
 [0 0 0]
 [0 0 0]
 ...
 [0 0 0]
 [0 0 0]
 [0 0 0]] | [[0 0 0]
 [0 0 0]
 [0 0 0]
 ...
 [0 0 0]
 [0 0 0]
 [0 0 0]] | [[0 0 0]
 [0 0 0]
 [0 0 0]
 ...
 [0 0 0]
 [0 0 0]
 [0 0 0]] | [[0 0 0]
 [0 0 0]
 [0 0 0]
 ...
 [0 0 0]
 [0 0 0]
 [0 0 0]] | [[0 0 0]
 [0 0 0]
 [0 0 0]
 ...
 [0 0 0]
 [0 0 0]
 [0 0 0]] | [[0 0 0]
 [0 0 0]
 [0 0 0]
 ...
 [0 0 0]
 [0 0 0]
 [0 0 0]] | [[0 0 0]
 [0 0 0]
 [0 0 0]
 ...
 [0 0 0]
 [0 0 0]
 [0 0 0]] | [[0 0 0]
 [0 0 0]
 [0 0 0]
 ...
 [0 0 0]
 [0 0 0]
 [0 0 0]] | [[0 0 0]
 [0 0 0]
 [0 0 0]
 ...
 [0 0 0]
 [0 0 0]
 [0 0 0]] | [[0 0 0]
 [0 0 0]
 [0 0 0]
 ...
 [0 0 0]
 [0 0 0]
 [0 0 0]] | [[0 0 0]
 [0 0 0]
 [0 0 0]
 ...
 [0 0 0]
 [0 0 0]
 [0 0 0]] | [[0 0 0]
 [0 0 0]
 [0 0 0]
 ...
 [0 0 0]
 [0 0 0]
 [0 0 0]] | [[0 0 0]
 [0 0 0]
 [0 0 0]
 ...
 [0 0 0]
 [0 0 0]
 [0 0 0]] | [[0 0 0]
 [0 0 0]
 [0 0 0]
 ...
 [0 0 0]
 [0 0 0]
 [0 0 0]] | [[0 0 0]
 [0 0 0]
 [0 0 0]
 ...
 [0 0 0]
 [0 0 0]
 [0 0 0]] | [[0 0 0]
 [0 0 0]
 [0 0 0]
 ...
 [0 0 0]
 [0 0 0]
 [0 0 0]] | [[0 0 0]
 [0 0 0]
 [0 0 0]
 ...
 [0 0 0]
 [0 0 0]
 [0 0 0]] | [[0 0 0]
 [0 0 0]
 [0 0 0]
 ...
 [0 0 0]
 [0 0 0]
 [0 0 0]] | [[0 0 0]
 [0 0 0]
 [0 0 0]
 ...
 [0 0 0]
 [0 0 0]
 [0 0 0]] | [[0 0 0]
 [0 0 0]
 [0 0 0]
 ...
 [0 0 0]
 [0 0 0]
 [0 0 0]] | [[0 0 0]
 [0 0 0]
 [0 0 0]
 ...
 [0 0 0]
 [0 0 0]
 [0 0 0]] | [[0 0 0]
 [0 0 0]
 [0 0 0]
 ...
 [0 0 0]
 [0 0 0]
 [0 0 0]] | [[0 0 0]
 [0 0 0]
 [0 0 0]
 ...
 [0 0 0]
 [0 0 0]
 [0 0 0]] | [[0 0 0]
 [0 0 0]
 [0 0 0]
 ...
 [0 0 0]
 [0 0 0]
 [0 0 0]] | [[0 0 0]
 [0 0 0]
 [0 0 0]
 ...
 [0 0 0]
 [0 0 0]
 [0 0 0]] | [[0 0 0]
 [0 0 0]
 [0 0 0]
 ...
 [0 0 0]
 [0 0 0]
 [0 0 0]] | [[0 0 0]
 [0 0 0]
 [0 0 0]
 ...
 [0 0 0]
 [0 0 0]
 [0 0 0]] | [[0 0 0]
 [0 0 0]
 [0 0 0]
 ...
 [0 0 0]
 [0 0 0]
 [0 0 0]] | [[0 0 0]
 [0 0 0]
 [0 0 0]
 ...
 [0 0 0]
 [0 0 0]
 [0 0 0]] | [[0 0 0]
 [0 0 0]
 [0 0 0]
 ...
 [0 0 0]
 [0 0 0]
 [0 0 0]] | [[0 0 0]
 [0 0 0]
 [0 0 0]
 ...
 [0 0 0]
 [0 0 0]
 [0 0 0]] | [[0 0 0]
 [0 0 0]
 [0 0 0]
 ...
 [0 0 0]
 [0 0 0]
 [0 0 0]] | [[0 0 0]
 [0 0 0]
 [0 0 0]
 ...
 [0 0 0]
 [0 0 0]
 [0 0 0]] | [[0 0 0]
 [0 0 0]
 [0 0 0]
 ...
 [0 0 0]
 [0 0 0]
 [0 0 0]] | [[0 0 0]
 [0 0 0]
 [0 0 0]
 ...
 [0 0 0]
 [0 0 0]
 [0 0 0]] | [[0 0 0]
 [0 0 0]
 [0 0 0]
 ...
 [0 0 0]
 [0 0 0]
 [0 0 0]] | [[0 0 0]
 [0 0 0]
 [0 0 0]
 ...
 [0 0 0]
 [0 0 0]
 [0 0 0]] | [[0 0 0]
 [0 0 0]
 [0 0 0]
 ...
 [0 0 0]
 [0 0 0]
 [0 0 0]] | [[0 0 0]
 [0 0 0]
 [0 0 0]
 ...
 [0 0 0]
 [0 0 0]
 [0 0 0]] | [[0 0 0]
 [0 0 0]
 [0 0 0]
 ...
 [0 0 0]
 [0 0 0]
 [0 0 0]] | [[0 0 0]
 [0 0 0]
 [0 0 0]
 ...
 [0 0 0]
 [0 0 0]
 [0 0 0]] | [[0 0 0]
 [0 0 0]
 [0 0 0]
 ...
 [0 0 0]
 [0 0 0]
 [0 0 0]] | [[0 0 0]
 [0 0 0]
 [0 0 0]
 ...
 [0 0 0]
 [0 0 0]
 [0 0 0]] | [[0 0 0]
 [0 0 0]
 [0 0 0]
 ...
 [0 0 0]
 [0 0 0]
 [0 0 0]] | [[0 0 0]
 [0 0 0]
 [0 0 0]
 ...
 [0 0 0]
 [0 0 0]
 [0 0 0]] | [[0 0 0]
 [0 0 0]
 [0 0 0]
 ...
 [0 0 0]
 [0 0 0]
 [0 0 0]] | [[0 0 0]
 [0 0 0]
 [0 0 0]
 ...
 [0 0 0]
 [0 0 0]
 [0 0 0]] | [[0 0 0]
 [0 0 0]
 [0 0 0]
 ...
 [0 0 0]
 [0 0 0]
 [0 0 0]] | [[0 0 0]
 [0 0 0]
 [0 0 0]
 ...
 [0 0 0]
 [0 0 0]
 [0 0 0]] | [[0 0 0]
 [0 0 0]
 [0 0 0]
 ...
 [0 0 0]
 [0 0 0]
 [0 0 0]] | [[0 0 0]
 [0 0 0]
 [0 0 0]
 ...
 [0 0 0]
 [0 0 0]
 [0 0 0]] | [[0 0 0]
 [0 0 0]
 [0 0 0]
 ...
 [0 0 0]
 [0 0 0]
 [0 0 0]] | [[0 0 0]
 [0 0 0]
 [0 0 0]
 ...
 [0 0 0]
 [0 0 0]
 [0 0 0]] | [[0 0 0]
 [0 0 0]
 [0 0 0]
 ...
 [0 0 0]
 [0 0 0]
 [0 0 0]] | [[0 0 0]
 [0 0 0]
 [0 0 0]
 ...
 [0 0 0]
 [0 0 0]
 [0 0 0]] | [[0 0 0]
 [0 0 0]
 [0 0 0]
 ...
 [0 0 0]
 [0 0 0]
 [0 0 0]] | [[0 0 0]
 [0 0 0]
 [0 0 0]
 ...
 [0 0 0]
 [0 0 0]
 [0 0 0]] | [[0 0 0]
 [0 0 0]
 [0 0 0]
 ...
 [0 0 0]
 [0 0 0]
 [0 0 0]] | [[0 0 0]
 [0 0 0]
 [0 0 0]
 ...
 [0 0 0]
 [0 0 0]
 [0 0 0]] | [[0 0 0]
 [0 0 0]
 [0 0 0]
 ...
 [0 0 0]
 [0 0 0]
 [0 0 0]] | [[0 0 0]
 [0 0 0]
 [0 0 0]
 ...
 [0 0 0]
 [0 0 0]
 [0 0 0]] | [[0 0 0]
 [0 0 0]
 [0 0 0]
 ...
 [0 0 0]
 [0 0 0]
 [0 0 0]] | [[0 0 0]
 [0 0 0]
 [0 0 0]
 ...
 [0 0 0]
 [0 0 0]
 [0 0 0]] | [[0 0 0]
 [0 0 0]
 [0 0 0]
 ...
 [0 0 0]
 [0 0 0]
 [0 0 0]] | [[0 0 0]
 [0 0 0]
 [0 0 0]
 ...
 [0 0 0]
 [0 0 0]
 [0 0 0]] | [[0 0 0]
 [0 0 0]
 [0 0 0]
 ...
 [0 0 0]
 [0 0 0]
 [0 0 0]] | [[0 0 0]
 [0 0 0]
 [0 0 0]
 ...
 [0 0 0]
 [0 0 0]
 [0 0 0]] | [[0 0 0]
 [0 0 0]
 [0 0 0]
 ...
 [0 0 0]
 [0 0 0]
 [0 0 0]] | [[0 0 0]
 [0 0 0]
 [0 0 0]
 ...
 [0 0 0]
 [0 0 0]
 [0 0 0]] | [[0 0 0]
 [0 0 0]
 [0 0 0]
 ...
 [0 0 0]
 [0 0 0]
 [0 0 0]] | [[0 0 0]
 [0 0 0]
 [0 0 0]
 ...
 [0 0 0]
 [0 0 0]
 [0 0 0]] | [[0 0 0]
 [0 0 0]
 [0 0 0]
 ...
 [0 0 0]
 [0 0 0]
 [0 0 0]] | [[0 0 0]
 [0 0 0]
 [0 0 0]
 ...
 [0 0 0]
 [0 0 0]
 [0 0 0]] | [[0 0 0]
 [0 0 0]
 [0 0 0]
 ...
 [0 0 0]
 [0 0 0]
 [0 0 0]] | [[0 0 0]
 [0 0 0]
 [0 0 0]
 ...
 [0 0 0]
 [0 0 0]
 [0 0 0]] | [[0 0 0]
 [0 0 0]
 [0 0 0]
 ...
 [0 0 0]
 [0 0 0]
 [0 0 0]] | [[0 0 0]
 [0 0 0]
 [0 0 0]
 ...
 [0 0 0]
 [0 0 0]
 [0 0 0]] | [[0 0 0]
 [0 0 0]
 [0 0 0]
 ...
 [0 0 0]
 [0 0 0]
 [0 0 0]] | [[0 0 0]
 [0 0 0]
 [0 0 0]
 ...
 [0 0 0]
 [0 0 0]
 [0 0 0]] | [[0 0 0]
 [0 0 0]
 [0 0 0]
 ...
 [0 0 0]
 [0 0 0]
 [0 0 0]] | [[0 0 0]
 [0 0 0]
 [0 0 0]
 ...
 [0 0 0]
 [0 0 0]
 [0 0 0]] | [[0 0 0]
 [0 0 0]
 [0 0 0]
 ...
 [0 0 0]
 [0 0 0]
 [0 0 0]] | [[0 0 0]
 [0 0 0]
 [0 0 0]
 ...
 [0 0 0]
 [0 0 0]
 [0 0 0]] | [[0 0 0]
 [0 0 0]
 [0 0 0]
 ...
 [0 0 0]
 [0 0 0]
 [0 0 0]] | [[0 0 0]
 [0 0 0]
 [0 0 0]
 ...
 [0 0 0]
 [0 0 0]
 [0 0 0]] | [[0 0 0]
 [0 0 0]
 [0 0 0]
 ...
 [0 0 0]
 [0 0 0]
 [0 0 0]] | [[0 0 0]
 [0 0 0]
 [0 0 0]
 ...
 [0 0 0]
 [0 0 0]
 [0 0 0]] | [[0 0 0]
 [0 0 0]
 [0 0 0]
 ...
 [0 0 0]
 [0 0 0]
 [0 0 0]] | [[0 0 0]
 [0 0 0]
 [0 0 0]
 ...
 [0 0 0]
 [0 0 0]
 [0 0 0]] | [[0 0 0]
 [0 0 0]
 [0 0 0]
 ...
 [0 0 0]
 [0 0 0]
 [0 0 0]] | [[0 0 0]
 [0 0 0]
 [0 0 0]
 ...
 [0 0 0]
 [0 0 0]
 [0 0 0]] | [[0 0 0]
 [0 0 0]
 [0 0 0]
 ...
 [0 0 0]
 [0 0 0]
 [0 0 0]] | [[0 0 0]
 [0 0 0]
 [0 0 0]
 ...
 [0 0 0]
 [0 0 0]
 [0 0 0]] | [[0 0 0]
 [0 0 0]
 [0 0 0]
 ...
 [0 0 0]
 [0 0 0]
 [0 0 0]] | [[0 0 0]
 [0 0 0]
 [0 0 0]
 ...
 [0 0 0]
 [0 0 0]
 [0 0 0]] | [[0 0 0]
 [0 0 0]
 [0 0 0]
 ...
 [0 0 0]
 [0 0 0]
 [0 0 0]] | [[0 0 0]
 [0 0 0]
 [0 0 0]
 ...
 [0 0 0]
 [0 0 0]
 [0 0 0]] | [[0 0 0]
 [0 0 0]
 [0 0 0]
 ...
 [0 0 0]
 [0 0 0]
 [0 0 0]] ]</msg>
<msg timestamp="20220610 16:26:40.955" level="INFO">${img_path} = /Users/piotrfleury/VsCodeProjects/flutter_tests/test/robot/screenshots/screenshot.png</msg>
<msg timestamp="20220610 16:26:40.955" level="INFO">${IOS_PLATFORM_NAME} = iOS</msg>
<msg timestamp="20220610 16:26:40.955" level="INFO">${LOG_FILE} = /Users/piotrfleury/VsCodeProjects/flutter_tests/test/robot/log.html</msg>
<msg timestamp="20220610 16:26:40.955" level="INFO">${LOG_LEVEL} = INFO</msg>
<msg timestamp="20220610 16:26:40.955" level="INFO">${None} = None</msg>
<msg timestamp="20220610 16:26:40.955" level="INFO">${null} = None</msg>
<msg timestamp="20220610 16:26:40.955" level="INFO">&amp;{OPTIONS} = { include=[] | exclude=[] | skip=[] | skip_on_failure=[] }</msg>
<msg timestamp="20220610 16:26:40.955" level="INFO">${OUTPUT_DIR} = /Users/piotrfleury/VsCodeProjects/flutter_tests/test/robot</msg>
<msg timestamp="20220610 16:26:40.955" level="INFO">${OUTPUT_FILE} = /Users/piotrfleury/VsCodeProjects/flutter_tests/test/robot/output.xml</msg>
<msg timestamp="20220610 16:26:40.955" level="INFO">${PREV_TEST_MESSAGE} = </msg>
<msg timestamp="20220610 16:26:40.955" level="INFO">${PREV_TEST_NAME} = </msg>
<msg timestamp="20220610 16:26:40.955" level="INFO">${PREV_TEST_STATUS} = </msg>
<msg timestamp="20220610 16:26:40.955" level="INFO">${REPORT_FILE} = /Users/piotrfleury/VsCodeProjects/flutter_tests/test/robot/report.html</msg>
<msg timestamp="20220610 16:26:40.955" level="INFO">${SPACE} =  </msg>
<msg timestamp="20220610 16:26:40.955" level="INFO">${SUITE_DOCUMENTATION} = Counter app test suite</msg>
<msg timestamp="20220610 16:26:40.955" level="INFO">&amp;{SUITE_METADATA} = { }</msg>
<msg timestamp="20220610 16:26:40.955" level="INFO">${SUITE_NAME} = Counter App</msg>
<msg timestamp="20220610 16:26:40.955" level="INFO">${SUITE_SOURCE} = /Users/piotrfleury/VsCodeProjects/flutter_tests/test/robot/counter_app.robot</msg>
<msg timestamp="20220610 16:26:40.955" level="INFO">${TEMPDIR} = /var/folders/wr/tc5rry4x3jz9d02wl36qz2z40000gn/T</msg>
<msg timestamp="20220610 16:26:40.955" level="INFO">${TEST_DOCUMENTATION} = </msg>
<msg timestamp="20220610 16:26:40.955" level="INFO">${TEST_NAME} = Counter app increment counter</msg>
<msg timestamp="20220610 16:26:40.955" level="INFO">@{TEST_TAGS} = [ ]</msg>
<msg timestamp="20220610 16:26:40.955" level="INFO">${True} = True</msg>
<status status="PASS" starttime="20220610 16:26:40.877" endtime="20220610 16:26:40.955"/>
</kw>
<status status="PASS" starttime="20220610 16:26:40.230" endtime="20220610 16:26:40.955"/>
</kw>
<kw name="Capture Page Screenshot" library="AppiumLibrary">
<var>${img_path}</var>
<arg>screenshots/screenshot.png</arg>
<doc>Takes a screenshot of the current page and embeds it into the log.</doc>
<msg timestamp="20220610 16:26:41.099" level="INFO" html="true">&lt;/td&gt;&lt;/tr&gt;&lt;tr&gt;&lt;td colspan="3"&gt;&lt;a href="screenshots/screenshot.png"&gt;&lt;img src="screenshots/screenshot.png" width="800px"&gt;&lt;/a&gt;</msg>
<msg timestamp="20220610 16:26:41.099" level="INFO">${img_path} = /Users/piotrfleury/VsCodeProjects/flutter_tests/test/robot/screenshots/screenshot.png</msg>
<status status="PASS" starttime="20220610 16:26:40.955" endtime="20220610 16:26:41.099"/>
</kw>
<kw name="Process Screen Image" library="counter_app_keywords">
<var>${img}</var>
<arg>${img_path}</arg>
<kw name="Capture Page Screenshot" library="AppiumLibrary">
<var>${img_path}</var>
<arg>screenshots/screenshot.png</arg>
<doc>Takes a screenshot of the current page and embeds it into the log.</doc>
<msg timestamp="20220610 16:26:41.230" level="INFO" html="true">&lt;/td&gt;&lt;/tr&gt;&lt;tr&gt;&lt;td colspan="3"&gt;&lt;a href="screenshots/screenshot.png"&gt;&lt;img src="screenshots/screenshot.png" width="800px"&gt;&lt;/a&gt;</msg>
<msg timestamp="20220610 16:26:41.230" level="INFO">${img_path} = /Users/piotrfleury/VsCodeProjects/flutter_tests/test/robot/screenshots/screenshot.png</msg>
<status status="PASS" starttime="20220610 16:26:41.100" endtime="20220610 16:26:41.230"/>
</kw>
<kw name="Read Image" library="OCRLibrary">
<var>${processed_img}</var>
<arg>${img_path}</arg>
<doc>Reads an image.</doc>
<msg timestamp="20220610 16:26:41.255" level="INFO">${processed_img} = [[[219 184 140]
  [219 184 140]
  [219 184 140]
  ...
  [219 184 140]
  [219 184 140]
  [219 184 140]]

 [[219 184 140]
  [219 184 140]
  [219 184 140]
  ...
  [219 184 140]
  [219 184 140]
  [219 184...</msg>
<status status="PASS" starttime="20220610 16:26:41.230" endtime="20220610 16:26:41.255"/>
</kw>
<kw name="Create List" library="BuiltIn">
<var>${kernel}</var>
<arg>1</arg>
<arg>5</arg>
<doc>Returns a list containing given items.</doc>
<msg timestamp="20220610 16:26:41.255" level="INFO">${kernel} = ['1', '5']</msg>
<status status="PASS" starttime="20220610 16:26:41.255" endtime="20220610 16:26:41.255"/>
</kw>
<kw name="Apply Gaussian Blur To Image" library="OCRLibrary">
<var>${img}</var>
<arg>${processed_img}</arg>
<arg>${kernel}</arg>
<doc>Applies the gaussian blur to the provided image. Kernel size must be a tuple/list of positive and odd ints.</doc>
<msg timestamp="20220610 16:26:41.257" level="INFO">${img} = [[[219 184 140]
  [219 184 140]
  [219 184 140]
  ...
  [219 184 140]
  [219 184 140]
  [219 184 140]]

 [[219 184 140]
  [219 184 140]
  [219 184 140]
  ...
  [219 184 140]
  [219 184 140]
  [219 184...</msg>
<status status="PASS" starttime="20220610 16:26:41.255" endtime="20220610 16:26:41.257"/>
</kw>
<kw name="Save Image" library="OCRLibrary">
<arg>${img}</arg>
<arg>screenshots/processed_image.png</arg>
<doc>Saves processed image to log directory. Add path with image name and file extension to save image elsewhere.
Returns True if successful, otherwise returns False.</doc>
<msg timestamp="20220610 16:26:41.257" level="INFO" html="true">&lt;a href="screenshots/processed_image.png""&gt;&lt;img src="screenshots/processed_image.png" width="800px"&gt;&lt;/a&gt;</msg>
<status status="PASS" starttime="20220610 16:26:41.257" endtime="20220610 16:26:41.269"/>
</kw>
<msg timestamp="20220610 16:26:41.269" level="INFO">${img} = [[[219 184 140]
  [219 184 140]
  [219 184 140]
  ...
  [219 184 140]
  [219 184 140]
  [219 184 140]]

 [[219 184 140]
  [219 184 140]
  [219 184 140]
  ...
  [219 184 140]
  [219 184 140]
  [219 184...</msg>
<status status="PASS" starttime="20220610 16:26:41.100" endtime="20220610 16:26:41.269"/>
</kw>
<kw name="Validate Image Content" library="OCRLibrary">
<arg>${img}</arg>
<arg>${text}</arg>
<arg>--psm 11</arg>
<doc>Confirms that an image contains the expected content. If the content is not found, ``ContentNotFound`` will be raised.</doc>
<status status="PASS" starttime="20220610 16:26:41.269" endtime="20220610 16:26:41.569"/>
</kw>
<status status="PASS" starttime="20220610 16:26:40.230" endtime="20220610 16:26:41.569"/>
</kw>
<status status="PASS" starttime="20220610 16:26:40.230" endtime="20220610 16:26:41.569"/>
</kw>
<kw name="Close The counter app" library="counter_app_keywords" type="TEARDOWN">
<kw name="Close Application" library="AppiumLibrary">
<doc>Closes the current application and also close webdriver session.</doc>
<status status="PASS" starttime="20220610 16:26:41.570" endtime="20220610 16:26:41.809"/>
</kw>
<status status="PASS" starttime="20220610 16:26:41.569" endtime="20220610 16:26:41.810"/>
</kw>
<status status="PASS" starttime="20220610 16:26:30.977" endtime="20220610 16:26:41.810"/>
</test>
<doc>Counter app test suite</doc>
<status status="PASS" starttime="20220610 16:26:30.788" endtime="20220610 16:26:41.810"/>
</suite>
<statistics>
<total>
<stat pass="1" fail="0" skip="0">All Tests</stat>
</total>
<tag>
</tag>
<suite>
<stat pass="1" fail="0" skip="0" id="s1" name="Counter App">Counter App</stat>
</suite>
</statistics>
<errors>
</errors>
</robot>
